

Microchip MPLAB XC8 Assembler V2.31 build 20201012212115 
                                                                                               Thu Aug 05 12:08:53 2021

Microchip MPLAB XC8 C Compiler v2.31 (Free license) build 20201012212115 Og1 
     1                           	processor	16F887
     2                           	pagewidth 120
     3                           	opt	flic
     4                           	psect	cinit,global,class=CODE,merge=1,delta=2
     5                           	psect	bssCOMMON,global,class=COMMON,space=1,delta=1,noexec
     6                           	psect	cstackCOMMON,global,class=COMMON,space=1,delta=1,noexec
     7                           	psect	maintext,global,class=CODE,split=1,delta=2
     8                           	psect	text1,local,class=CODE,merge=1,delta=2
     9                           	psect	text2,local,class=CODE,merge=1,delta=2
    10                           	psect	text3,local,class=CODE,merge=1,delta=2
    11                           	psect	intentry,global,class=CODE,delta=2
    12                           	psect	config,global,abs,ovrld,class=CONFIG,space=4,delta=2,noexec
    13                           	dabs	1,0x7E,2
    14  0000                     
    15                           ; Version 2.20
    16                           ; Generated 12/02/2020 GMT
    17                           ; 
    18                           ; Copyright © 2020, Microchip Technology Inc. and its subsidiaries ("Microchip")
    19                           ; All rights reserved.
    20                           ; 
    21                           ; This software is developed by Microchip Technology Inc. and its subsidiaries ("Microch
      +                          ip").
    22                           ; 
    23                           ; Redistribution and use in source and binary forms, with or without modification, are
    24                           ; permitted provided that the following conditions are met:
    25                           ; 
    26                           ;     1. Redistributions of source code must retain the above copyright notice, this lis
      +                          t of
    27                           ;        conditions and the following disclaimer.
    28                           ; 
    29                           ;     2. Redistributions in binary form must reproduce the above copyright notice, this 
      +                          list
    30                           ;        of conditions and the following disclaimer in the documentation and/or other
    31                           ;        materials provided with the distribution.
    32                           ; 
    33                           ;     3. Microchip's name may not be used to endorse or promote products derived from th
      +                          is
    34                           ;        software without specific prior written permission.
    35                           ; 
    36                           ; THIS SOFTWARE IS PROVIDED BY MICROCHIP "AS IS" AND ANY EXPRESS OR IMPLIED WARRANTIES,
    37                           ; INCLUDING, BUT NOT LIMITED TO, THE IMPLIED WARRANTIES OF MERCHANTABILITY AND FITNESS F
      +                          OR
    38                           ; PURPOSE ARE DISCLAIMED.  IN NO EVENT SHALL MICROCHIP BE LIABLE FOR ANY DIRECT, INDIREC
      +                          T,
    39                           ; INCIDENTAL, SPECIAL, EXEMPLARY, OR CONSEQUENTIAL DAMAGES (INCLUDING BUT NOT LIMITED TO
    40                           ; PROCUREMENT OF SUBSTITUTE GOODS OR SERVICES; LOSS OF USE, DATA OR PROFITS; OR BUSINESS
    41                           ; INTERRUPTION) HOWSOEVER CAUSED AND ON ANY THEORY OF LIABILITY, WHETHER IN CONTRACT, ST
      +                          RICT
    42                           ; LIABILITY, OR TORT (INCLUDING NEGLIGENCE OR OTHERWISE) ARISING IN ANY WAY OUT OF THE U
      +                          SE OF
    43                           ; THIS SOFTWARE, EVEN IF ADVISED OF THE POSSIBILITY OF SUCH DAMAGE.
    44                           ; 
    45                           ; 
    46                           ; Code-generator required, PIC16F887 Definitions
    47                           ; 
    48                           ; SFR Addresses
    49  0000                     	;# 
    50  0001                     	;# 
    51  0002                     	;# 
    52  0003                     	;# 
    53  0004                     	;# 
    54  0005                     	;# 
    55  0006                     	;# 
    56  0007                     	;# 
    57  0008                     	;# 
    58  0009                     	;# 
    59  000A                     	;# 
    60  000B                     	;# 
    61  000C                     	;# 
    62  000D                     	;# 
    63  000E                     	;# 
    64  000E                     	;# 
    65  000F                     	;# 
    66  0010                     	;# 
    67  0011                     	;# 
    68  0012                     	;# 
    69  0013                     	;# 
    70  0014                     	;# 
    71  0015                     	;# 
    72  0015                     	;# 
    73  0016                     	;# 
    74  0017                     	;# 
    75  0018                     	;# 
    76  0019                     	;# 
    77  001A                     	;# 
    78  001B                     	;# 
    79  001B                     	;# 
    80  001C                     	;# 
    81  001D                     	;# 
    82  001E                     	;# 
    83  001F                     	;# 
    84  0081                     	;# 
    85  0085                     	;# 
    86  0086                     	;# 
    87  0087                     	;# 
    88  0088                     	;# 
    89  0089                     	;# 
    90  008C                     	;# 
    91  008D                     	;# 
    92  008E                     	;# 
    93  008F                     	;# 
    94  0090                     	;# 
    95  0091                     	;# 
    96  0092                     	;# 
    97  0093                     	;# 
    98  0093                     	;# 
    99  0093                     	;# 
   100  0094                     	;# 
   101  0095                     	;# 
   102  0096                     	;# 
   103  0097                     	;# 
   104  0098                     	;# 
   105  0099                     	;# 
   106  009A                     	;# 
   107  009B                     	;# 
   108  009C                     	;# 
   109  009D                     	;# 
   110  009E                     	;# 
   111  009F                     	;# 
   112  0105                     	;# 
   113  0107                     	;# 
   114  0108                     	;# 
   115  0109                     	;# 
   116  010C                     	;# 
   117  010C                     	;# 
   118  010D                     	;# 
   119  010E                     	;# 
   120  010F                     	;# 
   121  0185                     	;# 
   122  0187                     	;# 
   123  0188                     	;# 
   124  0189                     	;# 
   125  018C                     	;# 
   126  018D                     	;# 
   127  0000                     	;# 
   128  0001                     	;# 
   129  0002                     	;# 
   130  0003                     	;# 
   131  0004                     	;# 
   132  0005                     	;# 
   133  0006                     	;# 
   134  0007                     	;# 
   135  0008                     	;# 
   136  0009                     	;# 
   137  000A                     	;# 
   138  000B                     	;# 
   139  000C                     	;# 
   140  000D                     	;# 
   141  000E                     	;# 
   142  000E                     	;# 
   143  000F                     	;# 
   144  0010                     	;# 
   145  0011                     	;# 
   146  0012                     	;# 
   147  0013                     	;# 
   148  0014                     	;# 
   149  0015                     	;# 
   150  0015                     	;# 
   151  0016                     	;# 
   152  0017                     	;# 
   153  0018                     	;# 
   154  0019                     	;# 
   155  001A                     	;# 
   156  001B                     	;# 
   157  001B                     	;# 
   158  001C                     	;# 
   159  001D                     	;# 
   160  001E                     	;# 
   161  001F                     	;# 
   162  0081                     	;# 
   163  0085                     	;# 
   164  0086                     	;# 
   165  0087                     	;# 
   166  0088                     	;# 
   167  0089                     	;# 
   168  008C                     	;# 
   169  008D                     	;# 
   170  008E                     	;# 
   171  008F                     	;# 
   172  0090                     	;# 
   173  0091                     	;# 
   174  0092                     	;# 
   175  0093                     	;# 
   176  0093                     	;# 
   177  0093                     	;# 
   178  0094                     	;# 
   179  0095                     	;# 
   180  0096                     	;# 
   181  0097                     	;# 
   182  0098                     	;# 
   183  0099                     	;# 
   184  009A                     	;# 
   185  009B                     	;# 
   186  009C                     	;# 
   187  009D                     	;# 
   188  009E                     	;# 
   189  009F                     	;# 
   190  0105                     	;# 
   191  0107                     	;# 
   192  0108                     	;# 
   193  0109                     	;# 
   194  010C                     	;# 
   195  010C                     	;# 
   196  010D                     	;# 
   197  010E                     	;# 
   198  010F                     	;# 
   199  0185                     	;# 
   200  0187                     	;# 
   201  0188                     	;# 
   202  0189                     	;# 
   203  018C                     	;# 
   204  018D                     	;# 
   205  0000                     	;# 
   206  0001                     	;# 
   207  0002                     	;# 
   208  0003                     	;# 
   209  0004                     	;# 
   210  0005                     	;# 
   211  0006                     	;# 
   212  0007                     	;# 
   213  0008                     	;# 
   214  0009                     	;# 
   215  000A                     	;# 
   216  000B                     	;# 
   217  000C                     	;# 
   218  000D                     	;# 
   219  000E                     	;# 
   220  000E                     	;# 
   221  000F                     	;# 
   222  0010                     	;# 
   223  0011                     	;# 
   224  0012                     	;# 
   225  0013                     	;# 
   226  0014                     	;# 
   227  0015                     	;# 
   228  0015                     	;# 
   229  0016                     	;# 
   230  0017                     	;# 
   231  0018                     	;# 
   232  0019                     	;# 
   233  001A                     	;# 
   234  001B                     	;# 
   235  001B                     	;# 
   236  001C                     	;# 
   237  001D                     	;# 
   238  001E                     	;# 
   239  001F                     	;# 
   240  0081                     	;# 
   241  0085                     	;# 
   242  0086                     	;# 
   243  0087                     	;# 
   244  0088                     	;# 
   245  0089                     	;# 
   246  008C                     	;# 
   247  008D                     	;# 
   248  008E                     	;# 
   249  008F                     	;# 
   250  0090                     	;# 
   251  0091                     	;# 
   252  0092                     	;# 
   253  0093                     	;# 
   254  0093                     	;# 
   255  0093                     	;# 
   256  0094                     	;# 
   257  0095                     	;# 
   258  0096                     	;# 
   259  0097                     	;# 
   260  0098                     	;# 
   261  0099                     	;# 
   262  009A                     	;# 
   263  009B                     	;# 
   264  009C                     	;# 
   265  009D                     	;# 
   266  009E                     	;# 
   267  009F                     	;# 
   268  0105                     	;# 
   269  0107                     	;# 
   270  0108                     	;# 
   271  0109                     	;# 
   272  010C                     	;# 
   273  010C                     	;# 
   274  010D                     	;# 
   275  010E                     	;# 
   276  010F                     	;# 
   277  0185                     	;# 
   278  0187                     	;# 
   279  0188                     	;# 
   280  0189                     	;# 
   281  018C                     	;# 
   282  018D                     	;# 
   283  0014                     _SSPCON	set	20
   284  0009                     _PORTE	set	9
   285  0008                     _PORTD	set	8
   286  0007                     _PORTC	set	7
   287  0006                     _PORTB	set	6
   288  0005                     _PORTA	set	5
   289  0013                     _SSPBUF	set	19
   290  0014                     _SSPCONbits	set	20
   291  000C                     _PIR1bits	set	12
   292  000B                     _INTCONbits	set	11
   293  0063                     _SSPIF	set	99
   294  005E                     _PEIE	set	94
   295  005F                     _GIE	set	95
   296  0031                     _RB1	set	49
   297  0030                     _RB0	set	48
   298  0058                     _RBIF	set	88
   299  0091                     _SSPCON2bits	set	145
   300  0087                     _TRISCbits	set	135
   301  0094                     _SSPSTAT	set	148
   302  0093                     _SSPADD	set	147
   303  0091                     _SSPCON2	set	145
   304  0081                     _OPTION_REGbits	set	129
   305  008F                     _OSCCONbits	set	143
   306  0086                     _TRISB	set	134
   307  0089                     _TRISE	set	137
   308  0088                     _TRISD	set	136
   309  0085                     _TRISA	set	133
   310  0094                     _SSPSTATbits	set	148
   311  0463                     _SSPIE	set	1123
   312  043C                     _TRISC4	set	1084
   313  043B                     _TRISC3	set	1083
   314  04B1                     _IOCB1	set	1201
   315  04B0                     _IOCB0	set	1200
   316  04A9                     _WPUB1	set	1193
   317  04A8                     _WPUB0	set	1192
   318  04A0                     _BF	set	1184
   319  0189                     _ANSELH	set	393
   320  0188                     _ANSEL	set	392
   321                           
   322                           	psect	cinit
   323  000F                     start_initialization:	
   324                           ; #config settings
   325                           
   326  000F                     __initialization:
   327                           
   328                           ; Clear objects allocated to COMMON
   329  000F  01F6               	clrf	__pbssCOMMON& (0+127)
   330  0010  01F7               	clrf	(__pbssCOMMON+1)& (0+127)
   331  0011  01F8               	clrf	(__pbssCOMMON+2)& (0+127)
   332  0012  01F9               	clrf	(__pbssCOMMON+3)& (0+127)
   333  0013                     end_of_initialization:	
   334                           ;End of C runtime variable initialization code
   335                           
   336  0013                     __end_of__initialization:
   337  0013  0183               	clrf	3
   338  0014  120A  118A  28E1   	ljmp	_main	;jump to C main() function
   339                           
   340                           	psect	bssCOMMON
   341  0076                     __pbssCOMMON:
   342  0076                     _flag2:
   343  0076                     	ds	1
   344  0077                     _flag1:
   345  0077                     	ds	1
   346  0078                     _CONTADOR:
   347  0078                     	ds	1
   348  0079                     _z:
   349  0079                     	ds	1
   350                           
   351                           	psect	cstackCOMMON
   352  0070                     __pcstackCOMMON:
   353  0070                     ?_setup:
   354  0070                     ?_I2C_Slave_Init:	
   355                           ; 1 bytes @ 0x0
   356                           
   357  0070                     ?_isr:	
   358                           ; 1 bytes @ 0x0
   359                           
   360  0070                     ??_isr:	
   361                           ; 1 bytes @ 0x0
   362                           
   363  0070                     ?_main:	
   364                           ; 1 bytes @ 0x0
   365                           
   366                           
   367                           ; 1 bytes @ 0x0
   368  0070                     	ds	3
   369  0073                     ??_I2C_Slave_Init:
   370  0073                     I2C_Slave_Init@address:	
   371                           ; 1 bytes @ 0x3
   372                           
   373                           
   374                           ; 1 bytes @ 0x3
   375  0073                     	ds	1
   376  0074                     ??_setup:
   377  0074                     ??_main:	
   378                           ; 1 bytes @ 0x4
   379                           
   380                           
   381                           ; 1 bytes @ 0x4
   382  0074                     	ds	2
   383                           
   384                           	psect	maintext
   385  00E1                     __pmaintext:	
   386 ;;
   387 ;;Main: autosize = 0, tempsize = 2, incstack = 0, save=0
   388 ;;
   389 ;; *************** function _main *****************
   390 ;; Defined at:
   391 ;;		line 101 in file "main.c"
   392 ;; Parameters:    Size  Location     Type
   393 ;;		None
   394 ;; Auto vars:     Size  Location     Type
   395 ;;		None
   396 ;; Return value:  Size  Location     Type
   397 ;;                  1    wreg      void 
   398 ;; Registers used:
   399 ;;		wreg, status,2, status,0, pclath, cstack
   400 ;; Tracked objects:
   401 ;;		On entry : B00/0
   402 ;;		On exit  : 0/0
   403 ;;		Unchanged: 0/0
   404 ;; Data sizes:     COMMON   BANK0   BANK1   BANK3   BANK2
   405 ;;      Params:         0       0       0       0       0
   406 ;;      Locals:         0       0       0       0       0
   407 ;;      Temps:          2       0       0       0       0
   408 ;;      Totals:         2       0       0       0       0
   409 ;;Total ram usage:        2 bytes
   410 ;; Hardware stack levels required when called:    3
   411 ;; This function calls:
   412 ;;		_setup
   413 ;; This function is called by:
   414 ;;		Startup code after reset
   415 ;; This function uses a non-reentrant model
   416 ;;
   417                           
   418                           
   419                           ;psect for function _main
   420  00E1                     _main:
   421  00E1                     l867:	
   422                           ;incstack = 0
   423                           ; Regs used in _main: [wreg+status,2+status,0+pclath+cstack]
   424                           
   425                           
   426                           ;main.c: 102: 
   427  00E1  120A  118A  209F  120A  118A  	fcall	_setup
   428  00E6                     l869:
   429                           
   430                           ;main.c: 106:     IOCB1 = 1 ;
   431  00E6  301A               	movlw	26
   432  00E7  00F5               	movwf	??_main+1
   433  00E8  30F8               	movlw	248
   434  00E9  00F4               	movwf	??_main
   435  00EA                     u197:
   436  00EA  0BF4               	decfsz	??_main,f
   437  00EB  28EA               	goto	u197
   438  00EC  0BF5               	decfsz	??_main+1,f
   439  00ED  28EA               	goto	u197
   440  00EE  0000               	nop
   441  00EF  28E6               	goto	l869
   442  00F0  120A  118A  280C   	ljmp	start
   443  00F3                     __end_of_main:
   444                           
   445                           	psect	text1
   446  009F                     __ptext1:	
   447 ;; *************** function _setup *****************
   448 ;; Defined at:
   449 ;;		line 110 in file "main.c"
   450 ;; Parameters:    Size  Location     Type
   451 ;;		None
   452 ;; Auto vars:     Size  Location     Type
   453 ;;		None
   454 ;; Return value:  Size  Location     Type
   455 ;;                  1    wreg      void 
   456 ;; Registers used:
   457 ;;		wreg, status,2, status,0, pclath, cstack
   458 ;; Tracked objects:
   459 ;;		On entry : 0/0
   460 ;;		On exit  : 0/0
   461 ;;		Unchanged: 0/0
   462 ;; Data sizes:     COMMON   BANK0   BANK1   BANK3   BANK2
   463 ;;      Params:         0       0       0       0       0
   464 ;;      Locals:         0       0       0       0       0
   465 ;;      Temps:          0       0       0       0       0
   466 ;;      Totals:         0       0       0       0       0
   467 ;;Total ram usage:        0 bytes
   468 ;; Hardware stack levels used:    1
   469 ;; Hardware stack levels required when called:    2
   470 ;; This function calls:
   471 ;;		_I2C_Slave_Init
   472 ;; This function is called by:
   473 ;;		_main
   474 ;; This function uses a non-reentrant model
   475 ;;
   476                           
   477                           
   478                           ;psect for function _setup
   479  009F                     _setup:
   480  009F                     l763:	
   481                           ;incstack = 0
   482                           ; Regs used in _setup: [wreg+status,2+status,0+pclath+cstack]
   483                           
   484                           
   485                           ;main.c: 112: }
   486  009F  1683               	bsf	3,5	;RP0=1, select bank3
   487  00A0  1703               	bsf	3,6	;RP1=1, select bank3
   488  00A1  0188               	clrf	8	;volatile
   489  00A2  0189               	clrf	9	;volatile
   490  00A3  1683               	bsf	3,5	;RP0=1, select bank1
   491  00A4  1303               	bcf	3,6	;RP1=0, select bank1
   492  00A5  0185               	clrf	5	;volatile
   493  00A6  0188               	clrf	8	;volatile
   494  00A7  0189               	clrf	9	;volatile
   495  00A8                     l765:
   496  00A8  3003               	movlw	3
   497  00A9  0086               	movwf	6	;volatile
   498  00AA                     l767:
   499  00AA  1283               	bcf	3,5	;RP0=0, select bank0
   500  00AB  1303               	bcf	3,6	;RP1=0, select bank0
   501  00AC  0185               	clrf	5	;volatile
   502  00AD                     l769:
   503  00AD  0186               	clrf	6	;volatile
   504  00AE                     l771:
   505  00AE  0187               	clrf	7	;volatile
   506  00AF                     l773:
   507  00AF  0188               	clrf	8	;volatile
   508  00B0                     l775:
   509  00B0  0189               	clrf	9	;volatile
   510  00B1                     l777:
   511  00B1  1683               	bsf	3,5	;RP0=1, select bank1
   512  00B2  1303               	bcf	3,6	;RP1=0, select bank1
   513  00B3  170F               	bsf	15,6	;volatile
   514  00B4                     l779:
   515  00B4  168F               	bsf	15,5	;volatile
   516  00B5                     l781:
   517  00B5  160F               	bsf	15,4	;volatile
   518  00B6                     l783:
   519  00B6  140F               	bsf	15,0	;volatile
   520  00B7                     l785:
   521  00B7  1381               	bcf	1,7	;volatile
   522  00B8                     l787:
   523  00B8  1415               	bsf	21,0	;volatile
   524  00B9                     l789:
   525  00B9  1495               	bsf	21,1	;volatile
   526  00BA                     l791:
   527  00BA  1416               	bsf	22,0	;volatile
   528  00BB                     l793:
   529  00BB  1496               	bsf	22,1	;volatile
   530  00BC                     l795:
   531  00BC  178B               	bsf	11,7	;volatile
   532  00BD                     l797:
   533  00BD  170B               	bsf	11,6	;volatile
   534  00BE                     l799:
   535  00BE  158B               	bsf	11,3	;volatile
   536  00BF                     l801:
   537  00BF  100B               	bcf	11,0	;volatile
   538  00C0                     l803:
   539  00C0  3080               	movlw	128
   540  00C1  120A  118A  20C7  120A  118A  	fcall	_I2C_Slave_Init
   541  00C6                     l102:
   542  00C6  0008               	return
   543  00C7                     __end_of_setup:
   544                           
   545                           	psect	text2
   546  00C7                     __ptext2:	
   547 ;; *************** function _I2C_Slave_Init *****************
   548 ;; Defined at:
   549 ;;		line 93 in file "I2C.c"
   550 ;; Parameters:    Size  Location     Type
   551 ;;  address         1    wreg     unsigned char 
   552 ;; Auto vars:     Size  Location     Type
   553 ;;  address         1    3[COMMON] unsigned char 
   554 ;; Return value:  Size  Location     Type
   555 ;;                  1    wreg      void 
   556 ;; Registers used:
   557 ;;		wreg
   558 ;; Tracked objects:
   559 ;;		On entry : 0/0
   560 ;;		On exit  : 0/0
   561 ;;		Unchanged: 0/0
   562 ;; Data sizes:     COMMON   BANK0   BANK1   BANK3   BANK2
   563 ;;      Params:         0       0       0       0       0
   564 ;;      Locals:         1       0       0       0       0
   565 ;;      Temps:          0       0       0       0       0
   566 ;;      Totals:         1       0       0       0       0
   567 ;;Total ram usage:        1 bytes
   568 ;; Hardware stack levels used:    1
   569 ;; Hardware stack levels required when called:    1
   570 ;; This function calls:
   571 ;;		Nothing
   572 ;; This function is called by:
   573 ;;		_setup
   574 ;; This function uses a non-reentrant model
   575 ;;
   576                           
   577                           
   578                           ;psect for function _I2C_Slave_Init
   579  00C7                     _I2C_Slave_Init:
   580                           
   581                           ;incstack = 0
   582                           ; Regs used in _I2C_Slave_Init: [wreg]
   583                           ;I2C_Slave_Init@address stored from wreg
   584  00C7  00F3               	movwf	I2C_Slave_Init@address
   585  00C8                     l749:
   586                           
   587                           ;I2C.c: 93: void I2C_Slave_Init(uint8_t address);I2C.c: 94: {;I2C.c: 95:     SSPADD = ad
      +                          dress;
   588  00C8  0873               	movf	I2C_Slave_Init@address,w
   589  00C9  1683               	bsf	3,5	;RP0=1, select bank1
   590  00CA  1303               	bcf	3,6	;RP1=0, select bank1
   591  00CB  0093               	movwf	19	;volatile
   592                           
   593                           ;I2C.c: 96:     SSPCON = 0x36;
   594  00CC  3036               	movlw	54
   595  00CD  1283               	bcf	3,5	;RP0=0, select bank0
   596  00CE  1303               	bcf	3,6	;RP1=0, select bank0
   597  00CF  0094               	movwf	20	;volatile
   598                           
   599                           ;I2C.c: 97:     SSPSTAT = 0x80;
   600  00D0  3080               	movlw	128
   601  00D1  1683               	bsf	3,5	;RP0=1, select bank1
   602  00D2  1303               	bcf	3,6	;RP1=0, select bank1
   603  00D3  0094               	movwf	20	;volatile
   604                           
   605                           ;I2C.c: 98:     SSPCON2 = 0x01;
   606  00D4  3001               	movlw	1
   607  00D5  0091               	movwf	17	;volatile
   608  00D6                     l751:
   609                           
   610                           ;I2C.c: 99:     TRISC3 = 1;
   611  00D6  1587               	bsf	7,3	;volatile
   612  00D7                     l753:
   613                           
   614                           ;I2C.c: 100:     TRISC4 = 1;
   615  00D7  1607               	bsf	7,4	;volatile
   616  00D8                     l755:
   617                           
   618                           ;I2C.c: 101:     GIE = 1;
   619  00D8  178B               	bsf	11,7	;volatile
   620  00D9                     l757:
   621                           
   622                           ;I2C.c: 102:     PEIE = 1;
   623  00D9  170B               	bsf	11,6	;volatile
   624  00DA                     l759:
   625                           
   626                           ;I2C.c: 103:     SSPIF = 0;
   627  00DA  1283               	bcf	3,5	;RP0=0, select bank0
   628  00DB  1303               	bcf	3,6	;RP1=0, select bank0
   629  00DC  118C               	bcf	12,3	;volatile
   630  00DD                     l761:
   631                           
   632                           ;I2C.c: 104:     SSPIE = 1;
   633  00DD  1683               	bsf	3,5	;RP0=1, select bank1
   634  00DE  1303               	bcf	3,6	;RP1=0, select bank1
   635  00DF  158C               	bsf	12,3	;volatile
   636  00E0                     l157:
   637  00E0  0008               	return
   638  00E1                     __end_of_I2C_Slave_Init:
   639                           
   640                           	psect	text3
   641  0017                     __ptext3:	
   642 ;; *************** function _isr *****************
   643 ;; Defined at:
   644 ;;		line 42 in file "main.c"
   645 ;; Parameters:    Size  Location     Type
   646 ;;		None
   647 ;; Auto vars:     Size  Location     Type
   648 ;;		None
   649 ;; Return value:  Size  Location     Type
   650 ;;                  1    wreg      void 
   651 ;; Registers used:
   652 ;;		wreg, status,2, status,0
   653 ;; Tracked objects:
   654 ;;		On entry : 0/0
   655 ;;		On exit  : 0/0
   656 ;;		Unchanged: 0/0
   657 ;; Data sizes:     COMMON   BANK0   BANK1   BANK3   BANK2
   658 ;;      Params:         0       0       0       0       0
   659 ;;      Locals:         0       0       0       0       0
   660 ;;      Temps:          3       0       0       0       0
   661 ;;      Totals:         3       0       0       0       0
   662 ;;Total ram usage:        3 bytes
   663 ;; Hardware stack levels used:    1
   664 ;; This function calls:
   665 ;;		Nothing
   666 ;; This function is called by:
   667 ;;		Interrupt level 1
   668 ;; This function uses a non-reentrant model
   669 ;;
   670                           
   671                           
   672                           ;psect for function _isr
   673  0017                     _isr:
   674  0017                     i1l809:
   675                           
   676                           ;main.c: 43:             SSPCONbits.WCOL = 0;
   677  0017  138B               	bcf	11,7	;volatile
   678                           
   679                           ;main.c: 44:             SSPCONbits.CKP = 1;
   680  0018  1C0B               	btfss	11,0	;volatile
   681  0019  281B               	goto	u3_21
   682  001A  281C               	goto	u3_20
   683  001B                     u3_21:
   684  001B  283F               	goto	i1l833
   685  001C                     u3_20:
   686  001C                     i1l811:
   687                           
   688                           ;main.c: 45:         }
   689  001C  1283               	bcf	3,5	;RP0=0, select bank0
   690  001D  1303               	bcf	3,6	;RP1=0, select bank0
   691  001E  1806               	btfsc	6,0	;volatile
   692  001F  2821               	goto	u4_21
   693  0020  2822               	goto	u4_20
   694  0021                     u4_21:
   695  0021  2825               	goto	i1l815
   696  0022                     u4_20:
   697  0022                     i1l813:
   698                           
   699                           ;main.c: 46: 
   700  0022  01F7               	clrf	_flag1
   701  0023  0AF7               	incf	_flag1,f
   702                           
   703                           ;main.c: 47:         if(!SSPSTATbits.D_nA && !SSPSTATbits.R_nW) {
   704  0024  282F               	goto	i1l821
   705  0025                     i1l815:
   706                           
   707                           ;main.c: 49:             z = SSPBUF;
   708  0025  0377               	decf	_flag1,w
   709  0026  1D03               	btfss	3,2
   710  0027  2829               	goto	u5_21
   711  0028  282A               	goto	u5_20
   712  0029                     u5_21:
   713  0029  282F               	goto	i1l821
   714  002A                     u5_20:
   715  002A                     i1l817:
   716                           
   717                           ;main.c: 50: 
   718  002A  3001               	movlw	1
   719  002B  00F0               	movwf	??_isr
   720  002C  0870               	movf	??_isr,w
   721  002D  07F8               	addwf	_CONTADOR,f
   722  002E                     i1l819:
   723                           
   724                           ;main.c: 51:             PIR1bits.SSPIF = 0;
   725  002E  01F7               	clrf	_flag1
   726  002F                     i1l821:
   727                           
   728                           ;main.c: 55:             _delay((unsigned long)((250)*(8000000/4000000.0)));
   729  002F  1886               	btfsc	6,1	;volatile
   730  0030  2832               	goto	u6_21
   731  0031  2833               	goto	u6_20
   732  0032                     u6_21:
   733  0032  2836               	goto	i1l825
   734  0033                     u6_20:
   735  0033                     i1l823:
   736                           
   737                           ;main.c: 56: 
   738  0033  01F6               	clrf	_flag2
   739  0034  0AF6               	incf	_flag2,f
   740                           
   741                           ;main.c: 57:         }else if(!SSPSTATbits.D_nA && SSPSTATbits.R_nW){
   742  0035  283E               	goto	i1l831
   743  0036                     i1l825:
   744                           
   745                           ;main.c: 59:             BF = 0;
   746  0036  0376               	decf	_flag2,w
   747  0037  1D03               	btfss	3,2
   748  0038  283A               	goto	u7_21
   749  0039  283B               	goto	u7_20
   750  003A                     u7_21:
   751  003A  283E               	goto	i1l831
   752  003B                     u7_20:
   753  003B                     i1l827:
   754                           
   755                           ;main.c: 60:             SSPBUF = CONTADOR;
   756  003B  3001               	movlw	1
   757  003C  02F8               	subwf	_CONTADOR,f
   758  003D                     i1l829:
   759                           
   760                           ;main.c: 61:             SSPCONbits.CKP = 1;
   761  003D  01F6               	clrf	_flag2
   762  003E                     i1l831:
   763                           
   764                           ;main.c: 64:         }
   765  003E  100B               	bcf	11,0	;volatile
   766  003F                     i1l833:
   767                           
   768                           ;main.c: 66:         PIR1bits.SSPIF = 0;
   769  003F  1283               	bcf	3,5	;RP0=0, select bank0
   770  0040  1303               	bcf	3,6	;RP1=0, select bank0
   771  0041  1D8C               	btfss	12,3	;volatile
   772  0042  2844               	goto	u8_21
   773  0043  2845               	goto	u8_20
   774  0044                     u8_21:
   775  0044  2897               	goto	i1l78
   776  0045                     u8_20:
   777  0045                     i1l835:
   778                           
   779                           ;main.c: 68: 
   780  0045  1214               	bcf	20,4	;volatile
   781                           
   782                           ;main.c: 70: }
   783  0046  1B14               	btfsc	20,6	;volatile
   784  0047  2849               	goto	u9_21
   785  0048  284A               	goto	u9_20
   786  0049                     u9_21:
   787  0049  284E               	goto	i1l839
   788  004A                     u9_20:
   789  004A                     i1l837:
   790  004A  1F94               	btfss	20,7	;volatile
   791  004B  284D               	goto	u10_21
   792  004C  284E               	goto	u10_20
   793  004D                     u10_21:
   794  004D  2855               	goto	i1l847
   795  004E                     u10_20:
   796  004E                     i1l839:
   797                           
   798                           ;main.c: 71: void main (void){
   799  004E  0813               	movf	19,w	;volatile
   800  004F  00F0               	movwf	??_isr
   801  0050  0870               	movf	??_isr,w
   802  0051  00F9               	movwf	_z
   803  0052                     i1l841:
   804                           
   805                           ;main.c: 72:     setup();
   806  0052  1314               	bcf	20,6	;volatile
   807  0053                     i1l843:
   808                           
   809                           ;main.c: 73: 
   810  0053  1394               	bcf	20,7	;volatile
   811  0054                     i1l845:
   812                           
   813                           ;main.c: 74:     while(1){
   814  0054  1614               	bsf	20,4	;volatile
   815  0055                     i1l847:
   816                           
   817                           ;main.c: 77:     }
   818  0055  1683               	bsf	3,5	;RP0=1, select bank1
   819  0056  1303               	bcf	3,6	;RP1=0, select bank1
   820  0057  1A94               	btfsc	20,5	;volatile
   821  0058  285A               	goto	u11_21
   822  0059  285B               	goto	u11_20
   823  005A                     u11_21:
   824  005A  2873               	goto	i1l82
   825  005B                     u11_20:
   826  005B                     i1l849:
   827  005B  1914               	btfsc	20,2	;volatile
   828  005C  285E               	goto	u12_21
   829  005D  285F               	goto	u12_20
   830  005E                     u12_21:
   831  005E  2873               	goto	i1l82
   832  005F                     u12_20:
   833  005F                     i1l851:
   834                           
   835                           ;main.c: 79: 
   836  005F  1283               	bcf	3,5	;RP0=0, select bank0
   837  0060  1303               	bcf	3,6	;RP1=0, select bank0
   838  0061  0813               	movf	19,w	;volatile
   839  0062  00F0               	movwf	??_isr
   840  0063  0870               	movf	??_isr,w
   841  0064  00F9               	movwf	_z
   842  0065                     i1l853:
   843                           
   844                           ;main.c: 81: 
   845  0065  118C               	bcf	12,3	;volatile
   846  0066                     i1l855:
   847                           
   848                           ;main.c: 82:     ANSEL = 0B0000000;
   849  0066  1614               	bsf	20,4	;volatile
   850  0067                     i1l83:	
   851                           ;main.c: 83:     ANSELH = 0X00;
   852                           
   853  0067  1683               	bsf	3,5	;RP0=1, select bank1
   854  0068  1303               	bcf	3,6	;RP1=0, select bank1
   855  0069  1C14               	btfss	20,0	;volatile
   856  006A  286C               	goto	u13_21
   857  006B  286D               	goto	u13_20
   858  006C                     u13_21:
   859  006C  2867               	goto	i1l83
   860  006D                     u13_20:
   861  006D                     i1l857:
   862                           
   863                           ;main.c: 85:     TRISA = 0B0000000;
   864  006D  30A6               	movlw	166
   865  006E  00F0               	movwf	??_isr
   866  006F                     u20_27:
   867  006F  0BF0               	decfsz	??_isr,f
   868  0070  286F               	goto	u20_27
   869  0071  0000               	nop
   870                           
   871                           ;main.c: 87:     TRISE = 0X00;
   872  0072  2894               	goto	i1l86
   873  0073                     i1l82:
   874  0073  1A94               	btfsc	20,5	;volatile
   875  0074  2876               	goto	u14_21
   876  0075  2877               	goto	u14_20
   877  0076                     u14_21:
   878  0076  2894               	goto	i1l86
   879  0077                     u14_20:
   880  0077                     i1l859:
   881  0077  1D14               	btfss	20,2	;volatile
   882  0078  287A               	goto	u15_21
   883  0079  287B               	goto	u15_20
   884  007A                     u15_21:
   885  007A  2894               	goto	i1l86
   886  007B                     u15_20:
   887  007B                     i1l861:
   888                           
   889                           ;main.c: 88:     TRISB = 0X03;
   890  007B  1283               	bcf	3,5	;RP0=0, select bank0
   891  007C  1303               	bcf	3,6	;RP1=0, select bank0
   892  007D  0813               	movf	19,w	;volatile
   893  007E  00F0               	movwf	??_isr
   894  007F  0870               	movf	??_isr,w
   895  0080  00F9               	movwf	_z
   896  0081                     i1l863:
   897                           
   898                           ;main.c: 89: 
   899  0081  1683               	bsf	3,5	;RP0=1, select bank1
   900  0082  1303               	bcf	3,6	;RP1=0, select bank1
   901  0083  1014               	bcf	20,0	;volatile
   902                           
   903                           ;main.c: 90:     PORTA = 0X00;
   904  0084  0878               	movf	_CONTADOR,w
   905  0085  1283               	bcf	3,5	;RP0=0, select bank0
   906  0086  1303               	bcf	3,6	;RP1=0, select bank0
   907  0087  0093               	movwf	19	;volatile
   908  0088                     i1l865:
   909                           
   910                           ;main.c: 91:     PORTB = 0X00;
   911  0088  1614               	bsf	20,4	;volatile
   912                           
   913                           ;main.c: 92:     PORTC = 0X00;
   914  0089  30A6               	movlw	166
   915  008A  00F0               	movwf	??_isr
   916  008B                     u21_27:
   917  008B  0BF0               	decfsz	??_isr,f
   918  008C  288B               	goto	u21_27
   919  008D  0000               	nop
   920  008E                     i1l88:	
   921                           ;main.c: 93:     PORTD = 0X00;
   922                           
   923  008E  1683               	bsf	3,5	;RP0=1, select bank1
   924  008F  1303               	bcf	3,6	;RP1=0, select bank1
   925  0090  1814               	btfsc	20,0	;volatile
   926  0091  2893               	goto	u16_21
   927  0092  2894               	goto	u16_20
   928  0093                     u16_21:
   929  0093  288E               	goto	i1l88
   930  0094                     u16_20:
   931  0094                     i1l86:
   932                           
   933                           ;main.c: 96: 
   934  0094  1283               	bcf	3,5	;RP0=0, select bank0
   935  0095  1303               	bcf	3,6	;RP1=0, select bank0
   936  0096  118C               	bcf	12,3	;volatile
   937  0097                     i1l78:	
   938                           ;main.c: 97:     OSCCONbits.IRCF2 = 1;
   939                           
   940                           
   941                           ;main.c: 99:     OSCCONbits.IRCF0 = 1;
   942  0097  178B               	bsf	11,7	;volatile
   943  0098                     i1l91:
   944  0098  0872               	movf	??_isr+2,w
   945  0099  008A               	movwf	10
   946  009A  0E71               	swapf	??_isr+1,w
   947  009B  0083               	movwf	3
   948  009C  0EFE               	swapf	btemp,f
   949  009D  0E7E               	swapf	btemp,w
   950  009E  0009               	retfie
   951  009F                     __end_of_isr:
   952  007E                     btemp	set	126	;btemp
   953  007E                     wtemp0	set	126
   954                           
   955                           	psect	intentry
   956  0004                     __pintentry:	
   957                           ;incstack = 0
   958                           ; Regs used in _isr: [wreg+status,2+status,0]
   959                           
   960  0004                     interrupt_function:
   961  007E                     saved_w	set	btemp
   962  0004  00FE               	movwf	btemp
   963  0005  0E03               	swapf	3,w
   964  0006  00F1               	movwf	??_isr+1
   965  0007  080A               	movf	10,w
   966  0008  00F2               	movwf	??_isr+2
   967  0009  120A  118A  2817   	ljmp	_isr
   968                           
   969                           	psect	config
   970                           
   971                           ;Config register CONFIG1 @ 0x2007
   972                           ;	Oscillator Selection bits
   973                           ;	FOSC = INTRC_CLKOUT, INTOSC oscillator: CLKOUT function on RA6/OSC2/CLKOUT pin, I/O fu
      +                          nction on RA7/OSC1/CLKIN
   974                           ;	Watchdog Timer Enable bit
   975                           ;	WDTE = OFF, WDT disabled and can be enabled by SWDTEN bit of the WDTCON register
   976                           ;	Power-up Timer Enable bit
   977                           ;	PWRTE = OFF, PWRT disabled
   978                           ;	RE3/MCLR pin function select bit
   979                           ;	MCLRE = OFF, RE3/MCLR pin function is digital input, MCLR internally tied to VDD
   980                           ;	Code Protection bit
   981                           ;	CP = OFF, Program memory code protection is disabled
   982                           ;	Data Code Protection bit
   983                           ;	CPD = OFF, Data memory code protection is disabled
   984                           ;	Brown Out Reset Selection bits
   985                           ;	BOREN = OFF, BOR disabled
   986                           ;	Internal External Switchover bit
   987                           ;	IESO = OFF, Internal/External Switchover mode is disabled
   988                           ;	Fail-Safe Clock Monitor Enabled bit
   989                           ;	FCMEN = OFF, Fail-Safe Clock Monitor is disabled
   990                           ;	Low Voltage Programming Enable bit
   991                           ;	LVP = OFF, RB3 pin has digital I/O, HV on MCLR must be used for programming
   992                           ;	In-Circuit Debugger Mode bit
   993                           ;	DEBUG = 0x1, unprogrammed default
   994  2007                     	org	8199
   995  2007  20D5               	dw	8405
   996                           
   997                           ;Config register CONFIG2 @ 0x2008
   998                           ;	Brown-out Reset Selection bit
   999                           ;	BOR4V = BOR40V, Brown-out Reset set to 4.0V
  1000                           ;	Flash Program Memory Self Write Enable bits
  1001                           ;	WRT = OFF, Write protection off
  1002  2008                     	org	8200
  1003  2008  3FFF               	dw	16383

Data Sizes:
    Strings     0
    Constant    0
    Data        0
    BSS         4
    Persistent  0
    Stack       0

Auto Spaces:
    Space          Size  Autos    Used
    COMMON           14      6      10
    BANK0            80      0       0
    BANK1            80      0       0
    BANK3            96      0       0
    BANK2            96      0       0

Pointer List with Targets:

    None.

Critical Paths under _main in COMMON

    _setup->_I2C_Slave_Init

Critical Paths under _isr in COMMON

    None.

Critical Paths under _main in BANK0

    None.

Critical Paths under _isr in BANK0

    None.

Critical Paths under _main in BANK1

    None.

Critical Paths under _isr in BANK1

    None.

Critical Paths under _main in BANK3

    None.

Critical Paths under _isr in BANK3

    None.

Critical Paths under _main in BANK2

    None.

Critical Paths under _isr in BANK2

    None.

Call Graph Tables:

 ---------------------------------------------------------------------------------
 (Depth) Function   	        Calls       Base Space   Used Autos Params    Refs
 ---------------------------------------------------------------------------------
 (0) _main                                                 2     2      0      15
                                              4 COMMON     2     2      0
                              _setup
 ---------------------------------------------------------------------------------
 (1) _setup                                                0     0      0      15
                     _I2C_Slave_Init
 ---------------------------------------------------------------------------------
 (2) _I2C_Slave_Init                                       1     1      0      15
                                              3 COMMON     1     1      0
 ---------------------------------------------------------------------------------
 Estimated maximum stack depth 2
 ---------------------------------------------------------------------------------
 (Depth) Function   	        Calls       Base Space   Used Autos Params    Refs
 ---------------------------------------------------------------------------------
 (3) _isr                                                  3     3      0       0
                                              0 COMMON     3     3      0
 ---------------------------------------------------------------------------------
 Estimated maximum stack depth 3
 ---------------------------------------------------------------------------------

 Call Graph Graphs:

 _main (ROOT)
   _setup
     _I2C_Slave_Init

 _isr (ROOT)

 Address spaces:
Name               Size   Autos  Total    Cost      Usage
BITCOMMON            E      0       0       0        0.0%
EEDATA             100      0       0       0        0.0%
NULL                 0      0       0       0        0.0%
CODE                 0      0       0       0        0.0%
COMMON               E      6       A       1       71.4%
BITSFR0              0      0       0       1        0.0%
SFR0                 0      0       0       1        0.0%
BITSFR1              0      0       0       2        0.0%
SFR1                 0      0       0       2        0.0%
STACK                0      0       0       2        0.0%
ABS                  0      0       A       3        0.0%
BITBANK0            50      0       0       4        0.0%
BITSFR3              0      0       0       4        0.0%
SFR3                 0      0       0       4        0.0%
BANK0               50      0       0       5        0.0%
BITSFR2              0      0       0       5        0.0%
SFR2                 0      0       0       5        0.0%
BITBANK1            50      0       0       6        0.0%
BANK1               50      0       0       7        0.0%
BITBANK3            60      0       0       8        0.0%
BANK3               60      0       0       9        0.0%
BITBANK2            60      0       0      10        0.0%
BANK2               60      0       0      11        0.0%
DATA                 0      0       A      12        0.0%


Microchip Technology PIC Macro Assembler V2.31 build 20201012212115 
Symbol Table                                                                                   Thu Aug 05 12:08:53 2021

                      _z 0079              _SSPSTATbits 0094                       _BF 04A0  
                    l102 00C6                      l157 00E0                      l801 00BF  
                    l803 00C0                      l751 00D6                      l761 00DD  
                    l753 00D7                      l755 00D8                      l771 00AE  
                    l763 009F                      l757 00D9                      l749 00C8  
                    l781 00B5                      l773 00AF                      l765 00A8  
                    l759 00DA                      l791 00BA                      l783 00B6  
                    l775 00B0                      l767 00AA                      l793 00BB  
                    l785 00B7                      l777 00B1                      l769 00AD  
                    l795 00BC                      l787 00B8                      l779 00B4  
                    l867 00E1                      l797 00BD                      l789 00B9  
                    l869 00E6                      l799 00BE                      _GIE 005F  
                    _RB0 0030                      _RB1 0031                      u197 00EA  
                    _isr 0017                     ?_isr 0070                     _PEIE 005E  
                   _RBIF 0058                     i1l82 0073                     i1l91 0098  
                   i1l83 0067                     i1l86 0094                     i1l78 0097  
                   i1l88 008E                     u3_20 001C                     u3_21 001B  
                   u4_20 0022                     u4_21 0021                     u5_20 002A  
                   u5_21 0029                     u6_20 0033                     u6_21 0032  
                   u7_20 003B                     u7_21 003A                     u8_20 0045  
                   u8_21 0044                     u9_20 004A                     u9_21 0049  
                   _main 00E1                     btemp 007E                     start 000C  
                  ??_isr 0070                    ?_main 0070                    _ANSEL 0188  
                  _IOCB0 04B0                    _IOCB1 04B1                    i1l811 001C  
                  i1l821 002F                    i1l813 0022                    i1l831 003E  
                  i1l823 0033                    i1l815 0025                    i1l841 0052  
                  i1l825 0036                    i1l817 002A                    i1l833 003F  
                  i1l809 0017                    i1l851 005F                    i1l843 0053  
                  i1l835 0045                    i1l827 003B                    i1l819 002E  
                  i1l861 007B                    i1l853 0065                    i1l845 0054  
                  i1l837 004A                    i1l829 003D                    i1l863 0081  
                  i1l855 0066                    i1l847 0055                    i1l839 004E  
                  i1l865 0088                    i1l857 006D                    i1l849 005B  
                  i1l859 0077                    u10_20 004E                    u10_21 004D  
                  u11_20 005B                    u11_21 005A                    u12_20 005F  
                  u12_21 005E                    u20_27 006F                    u13_20 006D  
                  u13_21 006C                    u21_27 008B                    u14_20 0077  
                  u14_21 0076                    u15_20 007B                    u15_21 007A  
                  u16_20 0094                    u16_21 0093                    _PORTA 0005  
                  _PORTB 0006                    _PORTC 0007                    _PORTD 0008  
                  _PORTE 0009                    _TRISA 0085                    _TRISB 0086  
                  _TRISD 0088                    _SSPIE 0463                    _TRISE 0089  
                  _SSPIF 0063                    _WPUB0 04A8                    _WPUB1 04A9  
                  _flag1 0077                    _flag2 0076                    _setup 009F  
                  pclath 000A                    status 0003                    wtemp0 007E  
        __initialization 000F             __end_of_main 00F3                   ??_main 0074  
                 ?_setup 0070                   _ANSELH 0189                   _SSPADD 0093  
                 _TRISC3 043B                   _TRISC4 043C                   _SSPBUF 0013  
                 _SSPCON 0014                   saved_w 007E  __end_of__initialization 0013  
         __pcstackCOMMON 0070  __size_of_I2C_Slave_Init 001A            __end_of_setup 00C7  
         _OPTION_REGbits 0081                  ??_setup 0074    I2C_Slave_Init@address 0073  
             __pmaintext 00E1               __pintentry 0004                  _SSPCON2 0091  
                _SSPSTAT 0094                  __ptext1 009F                  __ptext2 00C7  
                __ptext3 0017             __size_of_isr 0088     end_of_initialization 0013  
         _I2C_Slave_Init 00C7                _TRISCbits 0087   __end_of_I2C_Slave_Init 00E1  
    start_initialization 000F              __end_of_isr 009F          ?_I2C_Slave_Init 0070  
            __pbssCOMMON 0076                ___latbits 0002                 _CONTADOR 0078  
         __size_of_setup 0028        interrupt_function 0004                 _PIR1bits 000C  
       ??_I2C_Slave_Init 0073            __size_of_main 0012               _INTCONbits 000B  
               intlevel1 0000               _OSCCONbits 008F              _SSPCON2bits 0091  
             _SSPCONbits 0014  
