

Microchip MPLAB XC8 Assembler V2.31 build 20201012212115 
                                                                                               Wed Aug 04 23:48:06 2021

Microchip MPLAB XC8 C Compiler v2.31 (Free license) build 20201012212115 Og1 
     1                           	processor	16F887
     2                           	pagewidth 120
     3                           	opt	flic
     4                           	psect	cinit,global,class=CODE,merge=1,delta=2
     5                           	psect	bssCOMMON,global,class=COMMON,space=1,delta=1,noexec
     6                           	psect	cstackCOMMON,global,class=COMMON,space=1,delta=1,noexec
     7                           	psect	cstackBANK0,global,class=BANK0,space=1,delta=1,noexec
     8                           	psect	maintext,global,class=CODE,split=1,delta=2
     9                           	psect	text1,local,class=CODE,merge=1,delta=2
    10                           	psect	text2,local,class=CODE,merge=1,delta=2
    11                           	psect	text3,local,class=CODE,merge=1,delta=2,group=1
    12                           	psect	text4,local,class=CODE,merge=1,delta=2
    13                           	psect	text5,local,class=CODE,merge=1,delta=2
    14                           	psect	text6,local,class=CODE,merge=1,delta=2
    15                           	psect	text7,local,class=CODE,merge=1,delta=2
    16                           	psect	text8,local,class=CODE,merge=1,delta=2
    17                           	psect	text9,local,class=CODE,merge=1,delta=2
    18                           	psect	intentry,global,class=CODE,delta=2
    19                           	psect	config,global,abs,ovrld,class=CONFIG,space=4,delta=2,noexec
    20                           	dabs	1,0x7E,2
    21  0000                     
    22                           ; Version 2.20
    23                           ; Generated 12/02/2020 GMT
    24                           ; 
    25                           ; Copyright © 2020, Microchip Technology Inc. and its subsidiaries ("Microchip")
    26                           ; All rights reserved.
    27                           ; 
    28                           ; This software is developed by Microchip Technology Inc. and its subsidiaries ("Microch
      +                          ip").
    29                           ; 
    30                           ; Redistribution and use in source and binary forms, with or without modification, are
    31                           ; permitted provided that the following conditions are met:
    32                           ; 
    33                           ;     1. Redistributions of source code must retain the above copyright notice, this lis
      +                          t of
    34                           ;        conditions and the following disclaimer.
    35                           ; 
    36                           ;     2. Redistributions in binary form must reproduce the above copyright notice, this 
      +                          list
    37                           ;        of conditions and the following disclaimer in the documentation and/or other
    38                           ;        materials provided with the distribution.
    39                           ; 
    40                           ;     3. Microchip's name may not be used to endorse or promote products derived from th
      +                          is
    41                           ;        software without specific prior written permission.
    42                           ; 
    43                           ; THIS SOFTWARE IS PROVIDED BY MICROCHIP "AS IS" AND ANY EXPRESS OR IMPLIED WARRANTIES,
    44                           ; INCLUDING, BUT NOT LIMITED TO, THE IMPLIED WARRANTIES OF MERCHANTABILITY AND FITNESS F
      +                          OR
    45                           ; PURPOSE ARE DISCLAIMED.  IN NO EVENT SHALL MICROCHIP BE LIABLE FOR ANY DIRECT, INDIREC
      +                          T,
    46                           ; INCIDENTAL, SPECIAL, EXEMPLARY, OR CONSEQUENTIAL DAMAGES (INCLUDING BUT NOT LIMITED TO
    47                           ; PROCUREMENT OF SUBSTITUTE GOODS OR SERVICES; LOSS OF USE, DATA OR PROFITS; OR BUSINESS
    48                           ; INTERRUPTION) HOWSOEVER CAUSED AND ON ANY THEORY OF LIABILITY, WHETHER IN CONTRACT, ST
      +                          RICT
    49                           ; LIABILITY, OR TORT (INCLUDING NEGLIGENCE OR OTHERWISE) ARISING IN ANY WAY OUT OF THE U
      +                          SE OF
    50                           ; THIS SOFTWARE, EVEN IF ADVISED OF THE POSSIBILITY OF SUCH DAMAGE.
    51                           ; 
    52                           ; 
    53                           ; Code-generator required, PIC16F887 Definitions
    54                           ; 
    55                           ; SFR Addresses
    56  0000                     	;# 
    57  0001                     	;# 
    58  0002                     	;# 
    59  0003                     	;# 
    60  0004                     	;# 
    61  0005                     	;# 
    62  0006                     	;# 
    63  0007                     	;# 
    64  0008                     	;# 
    65  0009                     	;# 
    66  000A                     	;# 
    67  000B                     	;# 
    68  000C                     	;# 
    69  000D                     	;# 
    70  000E                     	;# 
    71  000E                     	;# 
    72  000F                     	;# 
    73  0010                     	;# 
    74  0011                     	;# 
    75  0012                     	;# 
    76  0013                     	;# 
    77  0014                     	;# 
    78  0015                     	;# 
    79  0015                     	;# 
    80  0016                     	;# 
    81  0017                     	;# 
    82  0018                     	;# 
    83  0019                     	;# 
    84  001A                     	;# 
    85  001B                     	;# 
    86  001B                     	;# 
    87  001C                     	;# 
    88  001D                     	;# 
    89  001E                     	;# 
    90  001F                     	;# 
    91  0081                     	;# 
    92  0085                     	;# 
    93  0086                     	;# 
    94  0087                     	;# 
    95  0088                     	;# 
    96  0089                     	;# 
    97  008C                     	;# 
    98  008D                     	;# 
    99  008E                     	;# 
   100  008F                     	;# 
   101  0090                     	;# 
   102  0091                     	;# 
   103  0092                     	;# 
   104  0093                     	;# 
   105  0093                     	;# 
   106  0093                     	;# 
   107  0094                     	;# 
   108  0095                     	;# 
   109  0096                     	;# 
   110  0097                     	;# 
   111  0098                     	;# 
   112  0099                     	;# 
   113  009A                     	;# 
   114  009B                     	;# 
   115  009C                     	;# 
   116  009D                     	;# 
   117  009E                     	;# 
   118  009F                     	;# 
   119  0105                     	;# 
   120  0107                     	;# 
   121  0108                     	;# 
   122  0109                     	;# 
   123  010C                     	;# 
   124  010C                     	;# 
   125  010D                     	;# 
   126  010E                     	;# 
   127  010F                     	;# 
   128  0185                     	;# 
   129  0187                     	;# 
   130  0188                     	;# 
   131  0189                     	;# 
   132  018C                     	;# 
   133  018D                     	;# 
   134  0000                     	;# 
   135  0001                     	;# 
   136  0002                     	;# 
   137  0003                     	;# 
   138  0004                     	;# 
   139  0005                     	;# 
   140  0006                     	;# 
   141  0007                     	;# 
   142  0008                     	;# 
   143  0009                     	;# 
   144  000A                     	;# 
   145  000B                     	;# 
   146  000C                     	;# 
   147  000D                     	;# 
   148  000E                     	;# 
   149  000E                     	;# 
   150  000F                     	;# 
   151  0010                     	;# 
   152  0011                     	;# 
   153  0012                     	;# 
   154  0013                     	;# 
   155  0014                     	;# 
   156  0015                     	;# 
   157  0015                     	;# 
   158  0016                     	;# 
   159  0017                     	;# 
   160  0018                     	;# 
   161  0019                     	;# 
   162  001A                     	;# 
   163  001B                     	;# 
   164  001B                     	;# 
   165  001C                     	;# 
   166  001D                     	;# 
   167  001E                     	;# 
   168  001F                     	;# 
   169  0081                     	;# 
   170  0085                     	;# 
   171  0086                     	;# 
   172  0087                     	;# 
   173  0088                     	;# 
   174  0089                     	;# 
   175  008C                     	;# 
   176  008D                     	;# 
   177  008E                     	;# 
   178  008F                     	;# 
   179  0090                     	;# 
   180  0091                     	;# 
   181  0092                     	;# 
   182  0093                     	;# 
   183  0093                     	;# 
   184  0093                     	;# 
   185  0094                     	;# 
   186  0095                     	;# 
   187  0096                     	;# 
   188  0097                     	;# 
   189  0098                     	;# 
   190  0099                     	;# 
   191  009A                     	;# 
   192  009B                     	;# 
   193  009C                     	;# 
   194  009D                     	;# 
   195  009E                     	;# 
   196  009F                     	;# 
   197  0105                     	;# 
   198  0107                     	;# 
   199  0108                     	;# 
   200  0109                     	;# 
   201  010C                     	;# 
   202  010C                     	;# 
   203  010D                     	;# 
   204  010E                     	;# 
   205  010F                     	;# 
   206  0185                     	;# 
   207  0187                     	;# 
   208  0188                     	;# 
   209  0189                     	;# 
   210  018C                     	;# 
   211  018D                     	;# 
   212  0000                     	;# 
   213  0001                     	;# 
   214  0002                     	;# 
   215  0003                     	;# 
   216  0004                     	;# 
   217  0005                     	;# 
   218  0006                     	;# 
   219  0007                     	;# 
   220  0008                     	;# 
   221  0009                     	;# 
   222  000A                     	;# 
   223  000B                     	;# 
   224  000C                     	;# 
   225  000D                     	;# 
   226  000E                     	;# 
   227  000E                     	;# 
   228  000F                     	;# 
   229  0010                     	;# 
   230  0011                     	;# 
   231  0012                     	;# 
   232  0013                     	;# 
   233  0014                     	;# 
   234  0015                     	;# 
   235  0015                     	;# 
   236  0016                     	;# 
   237  0017                     	;# 
   238  0018                     	;# 
   239  0019                     	;# 
   240  001A                     	;# 
   241  001B                     	;# 
   242  001B                     	;# 
   243  001C                     	;# 
   244  001D                     	;# 
   245  001E                     	;# 
   246  001F                     	;# 
   247  0081                     	;# 
   248  0085                     	;# 
   249  0086                     	;# 
   250  0087                     	;# 
   251  0088                     	;# 
   252  0089                     	;# 
   253  008C                     	;# 
   254  008D                     	;# 
   255  008E                     	;# 
   256  008F                     	;# 
   257  0090                     	;# 
   258  0091                     	;# 
   259  0092                     	;# 
   260  0093                     	;# 
   261  0093                     	;# 
   262  0093                     	;# 
   263  0094                     	;# 
   264  0095                     	;# 
   265  0096                     	;# 
   266  0097                     	;# 
   267  0098                     	;# 
   268  0099                     	;# 
   269  009A                     	;# 
   270  009B                     	;# 
   271  009C                     	;# 
   272  009D                     	;# 
   273  009E                     	;# 
   274  009F                     	;# 
   275  0105                     	;# 
   276  0107                     	;# 
   277  0108                     	;# 
   278  0109                     	;# 
   279  010C                     	;# 
   280  010C                     	;# 
   281  010D                     	;# 
   282  010E                     	;# 
   283  010F                     	;# 
   284  0185                     	;# 
   285  0187                     	;# 
   286  0188                     	;# 
   287  0189                     	;# 
   288  018C                     	;# 
   289  018D                     	;# 
   290  0013                     _SSPBUF	set	19
   291  0014                     _SSPCON	set	20
   292  0009                     _PORTE	set	9
   293  0007                     _PORTC	set	7
   294  0006                     _PORTB	set	6
   295  0005                     _PORTA	set	5
   296  0008                     _PORTD	set	8
   297  000B                     _INTCONbits	set	11
   298  0063                     _SSPIF	set	99
   299  005E                     _PEIE	set	94
   300  005F                     _GIE	set	95
   301  0091                     _SSPCON2bits	set	145
   302  0087                     _TRISCbits	set	135
   303  0094                     _SSPSTAT	set	148
   304  0093                     _SSPADD	set	147
   305  0091                     _SSPCON2	set	145
   306  008F                     _OSCCONbits	set	143
   307  0086                     _TRISB	set	134
   308  0089                     _TRISE	set	137
   309  0088                     _TRISD	set	136
   310  0085                     _TRISA	set	133
   311  0463                     _SSPIE	set	1123
   312  043C                     _TRISC4	set	1084
   313  043B                     _TRISC3	set	1083
   314  0189                     _ANSELH	set	393
   315  0188                     _ANSEL	set	392
   316                           
   317                           	psect	cinit
   318  000F                     start_initialization:	
   319                           ; #config settings
   320                           
   321  000F                     __initialization:
   322                           
   323                           ; Clear objects allocated to COMMON
   324  000F  01FA               	clrf	__pbssCOMMON& (0+127)
   325  0010  01FB               	clrf	(__pbssCOMMON+1)& (0+127)
   326  0011                     end_of_initialization:	
   327                           ;End of C runtime variable initialization code
   328                           
   329  0011                     __end_of__initialization:
   330  0011  0183               	clrf	3
   331  0012  120A  118A  28B5   	ljmp	_main	;jump to C main() function
   332                           
   333                           	psect	bssCOMMON
   334  007A                     __pbssCOMMON:
   335  007A                     _z:
   336  007A                     	ds	1
   337  007B                     _VALOR_ADC:
   338  007B                     	ds	1
   339                           
   340                           	psect	cstackCOMMON
   341  0070                     __pcstackCOMMON:
   342  0070                     ?_setup:
   343  0070                     ?_I2C_Master_Start:	
   344                           ; 1 bytes @ 0x0
   345                           
   346  0070                     ?_I2C_Master_Stop:	
   347                           ; 1 bytes @ 0x0
   348                           
   349  0070                     ?_isr:	
   350                           ; 1 bytes @ 0x0
   351                           
   352  0070                     ??_isr:	
   353                           ; 1 bytes @ 0x0
   354                           
   355  0070                     ?_main:	
   356                           ; 1 bytes @ 0x0
   357                           
   358  0070                     ?_I2C_Master_Wait:	
   359                           ; 1 bytes @ 0x0
   360                           
   361                           
   362                           ; 1 bytes @ 0x0
   363  0070                     	ds	2
   364  0072                     ??_I2C_Master_Start:
   365  0072                     ?_I2C_Master_Write:	
   366                           ; 1 bytes @ 0x2
   367                           
   368  0072                     ??_I2C_Master_Stop:	
   369                           ; 1 bytes @ 0x2
   370                           
   371  0072                     ??_I2C_Master_Wait:	
   372                           ; 1 bytes @ 0x2
   373                           
   374  0072                     ?_I2C_Master_Read:	
   375                           ; 1 bytes @ 0x2
   376                           
   377  0072                     ?___lldiv:	
   378                           ; 2 bytes @ 0x2
   379                           
   380  0072                     I2C_Master_Write@d:	
   381                           ; 4 bytes @ 0x2
   382                           
   383  0072                     I2C_Master_Read@a:	
   384                           ; 2 bytes @ 0x2
   385                           
   386  0072                     ___lldiv@divisor:	
   387                           ; 2 bytes @ 0x2
   388                           
   389                           
   390                           ; 4 bytes @ 0x2
   391  0072                     	ds	2
   392  0074                     ??_I2C_Master_Write:
   393  0074                     ??_I2C_Master_Read:	
   394                           ; 1 bytes @ 0x4
   395                           
   396                           
   397                           ; 1 bytes @ 0x4
   398  0074                     	ds	2
   399  0076                     I2C_Master_Read@temp:
   400  0076                     ___lldiv@dividend:	
   401                           ; 2 bytes @ 0x6
   402                           
   403                           
   404                           ; 4 bytes @ 0x6
   405  0076                     	ds	4
   406  007A                     ??_setup:
   407                           
   408                           	psect	cstackBANK0
   409  0020                     __pcstackBANK0:	
   410                           ; 1 bytes @ 0xA
   411                           
   412  0020                     ??___lldiv:
   413                           
   414                           ; 1 bytes @ 0x0
   415  0020                     	ds	1
   416  0021                     ___lldiv@quotient:
   417                           
   418                           ; 4 bytes @ 0x1
   419  0021                     	ds	4
   420  0025                     ___lldiv@counter:
   421                           
   422                           ; 1 bytes @ 0x5
   423  0025                     	ds	1
   424  0026                     ?_I2C_Master_Init:
   425  0026                     I2C_Master_Init@c:	
   426                           ; 1 bytes @ 0x6
   427                           
   428                           
   429                           ; 4 bytes @ 0x6
   430  0026                     	ds	4
   431  002A                     ??_I2C_Master_Init:
   432                           
   433                           ; 1 bytes @ 0xA
   434  002A                     	ds	4
   435  002E                     ??_main:
   436                           
   437                           ; 1 bytes @ 0xE
   438  002E                     	ds	3
   439                           
   440                           	psect	maintext
   441  00B5                     __pmaintext:	
   442 ;;
   443 ;;Main: autosize = 0, tempsize = 3, incstack = 0, save=0
   444 ;;
   445 ;; *************** function _main *****************
   446 ;; Defined at:
   447 ;;		line 47 in file "main.c"
   448 ;; Parameters:    Size  Location     Type
   449 ;;		None
   450 ;; Auto vars:     Size  Location     Type
   451 ;;		None
   452 ;; Return value:  Size  Location     Type
   453 ;;                  1    wreg      void 
   454 ;; Registers used:
   455 ;;		wreg, status,2, status,0, pclath, cstack
   456 ;; Tracked objects:
   457 ;;		On entry : B00/0
   458 ;;		On exit  : 0/0
   459 ;;		Unchanged: 0/0
   460 ;; Data sizes:     COMMON   BANK0   BANK1   BANK3   BANK2
   461 ;;      Params:         0       0       0       0       0
   462 ;;      Locals:         0       0       0       0       0
   463 ;;      Temps:          0       3       0       0       0
   464 ;;      Totals:         0       3       0       0       0
   465 ;;Total ram usage:        3 bytes
   466 ;; Hardware stack levels required when called:    4
   467 ;; This function calls:
   468 ;;		_I2C_Master_Read
   469 ;;		_I2C_Master_Start
   470 ;;		_I2C_Master_Stop
   471 ;;		_I2C_Master_Write
   472 ;;		_setup
   473 ;; This function is called by:
   474 ;;		Startup code after reset
   475 ;; This function uses a non-reentrant model
   476 ;;
   477                           
   478                           
   479                           ;psect for function _main
   480  00B5                     _main:
   481  00B5                     l943:	
   482                           ;incstack = 0
   483                           ; Regs used in _main: [wreg+status,2+status,0+pclath+cstack]
   484                           
   485                           
   486                           ;main.c: 48:     OSCCONbits.SCS = 1;
   487  00B5  120A  118A  211A  120A  118A  	fcall	_setup
   488  00BA                     l54:	
   489                           ;main.c: 49:     INTCONbits.GIE = 0;
   490                           
   491                           
   492                           ;main.c: 51:     I2C_Master_Init(100000);
   493  00BA  120A  118A  2163  120A  118A  	fcall	_I2C_Master_Start
   494                           
   495                           ;main.c: 52: }
   496  00BF  3071               	movlw	113
   497  00C0  00F2               	movwf	I2C_Master_Write@d
   498  00C1  3000               	movlw	0
   499  00C2  00F3               	movwf	I2C_Master_Write@d+1
   500  00C3  120A  118A  2150  120A  118A  	fcall	_I2C_Master_Write
   501  00C8  3000               	movlw	0
   502  00C9  00F2               	movwf	I2C_Master_Read@a
   503  00CA  00F3               	movwf	I2C_Master_Read@a+1
   504  00CB  120A  118A  20EC  120A  118A  	fcall	_I2C_Master_Read
   505  00D0  0872               	movf	?_I2C_Master_Read,w
   506  00D1  1283               	bcf	3,5	;RP0=0, select bank0
   507  00D2  1303               	bcf	3,6	;RP1=0, select bank0
   508  00D3  0088               	movwf	8	;volatile
   509  00D4  120A  118A  215A  120A  118A  	fcall	_I2C_Master_Stop
   510  00D9                     l945:
   511  00D9  3003               	movlw	3
   512  00DA  1283               	bcf	3,5	;RP0=0, select bank0
   513  00DB  1303               	bcf	3,6	;RP1=0, select bank0
   514  00DC  00B0               	movwf	??_main+2
   515  00DD  3008               	movlw	8
   516  00DE  00AF               	movwf	??_main+1
   517  00DF  3076               	movlw	118
   518  00E0  00AE               	movwf	??_main
   519  00E1                     u297:
   520  00E1  0BAE               	decfsz	??_main,f
   521  00E2  28E1               	goto	u297
   522  00E3  0BAF               	decfsz	??_main+1,f
   523  00E4  28E1               	goto	u297
   524  00E5  0BB0               	decfsz	??_main+2,f
   525  00E6  28E1               	goto	u297
   526  00E7  0000               	nop
   527  00E8  28BA               	goto	l54
   528  00E9  120A  118A  280C   	ljmp	start
   529  00EC                     __end_of_main:
   530                           
   531                           	psect	text1
   532  011A                     __ptext1:	
   533 ;; *************** function _setup *****************
   534 ;; Defined at:
   535 ;;		line 59 in file "main.c"
   536 ;; Parameters:    Size  Location     Type
   537 ;;		None
   538 ;; Auto vars:     Size  Location     Type
   539 ;;		None
   540 ;; Return value:  Size  Location     Type
   541 ;;                  1    wreg      void 
   542 ;; Registers used:
   543 ;;		wreg, status,2, status,0, pclath, cstack
   544 ;; Tracked objects:
   545 ;;		On entry : 0/0
   546 ;;		On exit  : 0/0
   547 ;;		Unchanged: 0/0
   548 ;; Data sizes:     COMMON   BANK0   BANK1   BANK3   BANK2
   549 ;;      Params:         0       0       0       0       0
   550 ;;      Locals:         0       0       0       0       0
   551 ;;      Temps:          0       0       0       0       0
   552 ;;      Totals:         0       0       0       0       0
   553 ;;Total ram usage:        0 bytes
   554 ;; Hardware stack levels used:    1
   555 ;; Hardware stack levels required when called:    3
   556 ;; This function calls:
   557 ;;		_I2C_Master_Init
   558 ;; This function is called by:
   559 ;;		_main
   560 ;; This function uses a non-reentrant model
   561 ;;
   562                           
   563                           
   564                           ;psect for function _setup
   565  011A                     _setup:
   566  011A                     l927:	
   567                           ;incstack = 0
   568                           ; Regs used in _setup: [wreg+status,2+status,0+pclath+cstack]
   569                           
   570  011A  1683               	bsf	3,5	;RP0=1, select bank3
   571  011B  1703               	bsf	3,6	;RP1=1, select bank3
   572  011C  0188               	clrf	8	;volatile
   573  011D  0189               	clrf	9	;volatile
   574  011E  1683               	bsf	3,5	;RP0=1, select bank1
   575  011F  1303               	bcf	3,6	;RP1=0, select bank1
   576  0120  0185               	clrf	5	;volatile
   577  0121  0188               	clrf	8	;volatile
   578  0122  0189               	clrf	9	;volatile
   579  0123  0186               	clrf	6	;volatile
   580  0124  1283               	bcf	3,5	;RP0=0, select bank0
   581  0125  1303               	bcf	3,6	;RP1=0, select bank0
   582  0126  0185               	clrf	5	;volatile
   583  0127  0186               	clrf	6	;volatile
   584  0128  0187               	clrf	7	;volatile
   585  0129  0188               	clrf	8	;volatile
   586  012A  0189               	clrf	9	;volatile
   587  012B                     l929:
   588  012B  1683               	bsf	3,5	;RP0=1, select bank1
   589  012C  1303               	bcf	3,6	;RP1=0, select bank1
   590  012D  170F               	bsf	15,6	;volatile
   591  012E                     l931:
   592  012E  168F               	bsf	15,5	;volatile
   593  012F                     l933:
   594  012F  160F               	bsf	15,4	;volatile
   595  0130                     l935:
   596  0130  140F               	bsf	15,0	;volatile
   597  0131                     l937:
   598  0131  138B               	bcf	11,7	;volatile
   599  0132                     l939:
   600  0132  130B               	bcf	11,6	;volatile
   601  0133                     l941:
   602  0133  3000               	movlw	0
   603  0134  1283               	bcf	3,5	;RP0=0, select bank0
   604  0135  1303               	bcf	3,6	;RP1=0, select bank0
   605  0136  00A9               	movwf	I2C_Master_Init@c+3
   606  0137  3001               	movlw	1
   607  0138  00A8               	movwf	I2C_Master_Init@c+2
   608  0139  3086               	movlw	134
   609  013A  00A7               	movwf	I2C_Master_Init@c+1
   610  013B  30A0               	movlw	160
   611  013C  00A6               	movwf	I2C_Master_Init@c
   612  013D  120A  118A  207D  120A  118A  	fcall	_I2C_Master_Init
   613  0142                     l60:
   614  0142  0008               	return
   615  0143                     __end_of_setup:
   616                           
   617                           	psect	text2
   618  007D                     __ptext2:	
   619 ;; *************** function _I2C_Master_Init *****************
   620 ;; Defined at:
   621 ;;		line 16 in file "../SLAVE_I2C.X/I2C.c"
   622 ;; Parameters:    Size  Location     Type
   623 ;;  c               4    6[BANK0 ] const unsigned long 
   624 ;; Auto vars:     Size  Location     Type
   625 ;;		None
   626 ;; Return value:  Size  Location     Type
   627 ;;                  1    wreg      void 
   628 ;; Registers used:
   629 ;;		wreg, status,2, status,0, pclath, cstack
   630 ;; Tracked objects:
   631 ;;		On entry : 0/0
   632 ;;		On exit  : 0/0
   633 ;;		Unchanged: 0/0
   634 ;; Data sizes:     COMMON   BANK0   BANK1   BANK3   BANK2
   635 ;;      Params:         0       4       0       0       0
   636 ;;      Locals:         0       0       0       0       0
   637 ;;      Temps:          0       4       0       0       0
   638 ;;      Totals:         0       8       0       0       0
   639 ;;Total ram usage:        8 bytes
   640 ;; Hardware stack levels used:    1
   641 ;; Hardware stack levels required when called:    2
   642 ;; This function calls:
   643 ;;		___lldiv
   644 ;; This function is called by:
   645 ;;		_setup
   646 ;; This function uses a non-reentrant model
   647 ;;
   648                           
   649                           
   650                           ;psect for function _I2C_Master_Init
   651  007D                     _I2C_Master_Init:
   652  007D                     l915:	
   653                           ;incstack = 0
   654                           ; Regs used in _I2C_Master_Init: [wreg+status,2+status,0+pclath+cstack]
   655                           
   656                           
   657                           ;../SLAVE_I2C.X/I2C.c: 16: void I2C_Master_Init(const unsigned long c);../SLAVE_I2C.X/I2
      +                          C.c: 17: {;../SLAVE_I2C.X/I2C.c: 18:     SSPCON = 0b00101000;
   658  007D  3028               	movlw	40
   659  007E  1283               	bcf	3,5	;RP0=0, select bank0
   660  007F  1303               	bcf	3,6	;RP1=0, select bank0
   661  0080  0094               	movwf	20	;volatile
   662  0081                     l917:
   663                           
   664                           ;../SLAVE_I2C.X/I2C.c: 19:     SSPCON2 = 0;
   665  0081  1683               	bsf	3,5	;RP0=1, select bank1
   666  0082  1303               	bcf	3,6	;RP1=0, select bank1
   667  0083  0191               	clrf	17	;volatile
   668  0084                     l919:
   669                           
   670                           ;../SLAVE_I2C.X/I2C.c: 20:     SSPADD = (8000000/(4*c))-1;
   671  0084  1283               	bcf	3,5	;RP0=0, select bank0
   672  0085  1303               	bcf	3,6	;RP1=0, select bank0
   673  0086  0826               	movf	I2C_Master_Init@c,w
   674  0087  00AA               	movwf	??_I2C_Master_Init
   675  0088  0827               	movf	I2C_Master_Init@c+1,w
   676  0089  00AB               	movwf	??_I2C_Master_Init+1
   677  008A  0828               	movf	I2C_Master_Init@c+2,w
   678  008B  00AC               	movwf	??_I2C_Master_Init+2
   679  008C  0829               	movf	I2C_Master_Init@c+3,w
   680  008D  00AD               	movwf	??_I2C_Master_Init+3
   681  008E  3002               	movlw	2
   682  008F                     u285:
   683  008F  1003               	clrc
   684  0090  0DAA               	rlf	??_I2C_Master_Init,f
   685  0091  0DAB               	rlf	??_I2C_Master_Init+1,f
   686  0092  0DAC               	rlf	??_I2C_Master_Init+2,f
   687  0093  0DAD               	rlf	??_I2C_Master_Init+3,f
   688  0094                     u280:
   689  0094  3EFF               	addlw	-1
   690  0095  1D03               	skipz
   691  0096  288F               	goto	u285
   692  0097  082D               	movf	??_I2C_Master_Init+3,w
   693  0098  00F5               	movwf	___lldiv@divisor+3
   694  0099  082C               	movf	??_I2C_Master_Init+2,w
   695  009A  00F4               	movwf	___lldiv@divisor+2
   696  009B  082B               	movf	??_I2C_Master_Init+1,w
   697  009C  00F3               	movwf	___lldiv@divisor+1
   698  009D  082A               	movf	??_I2C_Master_Init,w
   699  009E  00F2               	movwf	___lldiv@divisor
   700  009F  3000               	movlw	0
   701  00A0  00F9               	movwf	___lldiv@dividend+3
   702  00A1  307A               	movlw	122
   703  00A2  00F8               	movwf	___lldiv@dividend+2
   704  00A3  3012               	movlw	18
   705  00A4  00F7               	movwf	___lldiv@dividend+1
   706  00A5  3000               	movlw	0
   707  00A6  00F6               	movwf	___lldiv@dividend
   708  00A7  120A  118A  2015  120A  118A  	fcall	___lldiv
   709  00AC  0872               	movf	?___lldiv,w
   710  00AD  3EFF               	addlw	255
   711  00AE  1683               	bsf	3,5	;RP0=1, select bank1
   712  00AF  1303               	bcf	3,6	;RP1=0, select bank1
   713  00B0  0093               	movwf	19	;volatile
   714  00B1                     l921:
   715                           
   716                           ;../SLAVE_I2C.X/I2C.c: 21:     SSPSTAT = 0;
   717  00B1  0194               	clrf	20	;volatile
   718  00B2                     l923:
   719                           
   720                           ;../SLAVE_I2C.X/I2C.c: 22:     TRISCbits.TRISC3 = 1;
   721  00B2  1587               	bsf	7,3	;volatile
   722  00B3                     l925:
   723                           
   724                           ;../SLAVE_I2C.X/I2C.c: 23:     TRISCbits.TRISC4 = 1;
   725  00B3  1607               	bsf	7,4	;volatile
   726  00B4                     l89:
   727  00B4  0008               	return
   728  00B5                     __end_of_I2C_Master_Init:
   729                           
   730                           	psect	text3
   731  0015                     __ptext3:	
   732 ;; *************** function ___lldiv *****************
   733 ;; Defined at:
   734 ;;		line 5 in file "C:\Program Files\Microchip\xc8\v2.31\pic\sources\c90\common\__lldiv.c"
   735 ;; Parameters:    Size  Location     Type
   736 ;;  divisor         4    2[COMMON] unsigned long 
   737 ;;  dividend        4    6[COMMON] unsigned long 
   738 ;; Auto vars:     Size  Location     Type
   739 ;;  quotient        4    1[BANK0 ] unsigned long 
   740 ;;  counter         1    5[BANK0 ] unsigned char 
   741 ;; Return value:  Size  Location     Type
   742 ;;                  4    2[COMMON] unsigned long 
   743 ;; Registers used:
   744 ;;		wreg, status,2, status,0
   745 ;; Tracked objects:
   746 ;;		On entry : 0/0
   747 ;;		On exit  : 0/0
   748 ;;		Unchanged: 0/0
   749 ;; Data sizes:     COMMON   BANK0   BANK1   BANK3   BANK2
   750 ;;      Params:         8       0       0       0       0
   751 ;;      Locals:         0       5       0       0       0
   752 ;;      Temps:          0       1       0       0       0
   753 ;;      Totals:         8       6       0       0       0
   754 ;;Total ram usage:       14 bytes
   755 ;; Hardware stack levels used:    1
   756 ;; Hardware stack levels required when called:    1
   757 ;; This function calls:
   758 ;;		Nothing
   759 ;; This function is called by:
   760 ;;		_I2C_Master_Init
   761 ;; This function uses a non-reentrant model
   762 ;;
   763                           
   764                           
   765                           ;psect for function ___lldiv
   766  0015                     ___lldiv:
   767  0015                     l891:	
   768                           ;incstack = 0
   769                           ; Regs used in ___lldiv: [wreg+status,2+status,0]
   770                           
   771  0015  3000               	movlw	0
   772  0016  1283               	bcf	3,5	;RP0=0, select bank0
   773  0017  1303               	bcf	3,6	;RP1=0, select bank0
   774  0018  00A4               	movwf	___lldiv@quotient+3
   775  0019  3000               	movlw	0
   776  001A  00A3               	movwf	___lldiv@quotient+2
   777  001B  3000               	movlw	0
   778  001C  00A2               	movwf	___lldiv@quotient+1
   779  001D  3000               	movlw	0
   780  001E  00A1               	movwf	___lldiv@quotient
   781  001F  0875               	movf	___lldiv@divisor+3,w
   782  0020  0474               	iorwf	___lldiv@divisor+2,w
   783  0021  0473               	iorwf	___lldiv@divisor+1,w
   784  0022  0472               	iorwf	___lldiv@divisor,w
   785  0023  1903               	skipnz
   786  0024  2826               	goto	u211
   787  0025  2827               	goto	u210
   788  0026                     u211:
   789  0026  2874               	goto	l911
   790  0027                     u210:
   791  0027                     l893:
   792  0027  01A5               	clrf	___lldiv@counter
   793  0028  0AA5               	incf	___lldiv@counter,f
   794  0029  2837               	goto	l897
   795  002A                     l895:
   796  002A  3001               	movlw	1
   797  002B  00A0               	movwf	??___lldiv
   798  002C                     u225:
   799  002C  1003               	clrc
   800  002D  0DF2               	rlf	___lldiv@divisor,f
   801  002E  0DF3               	rlf	___lldiv@divisor+1,f
   802  002F  0DF4               	rlf	___lldiv@divisor+2,f
   803  0030  0DF5               	rlf	___lldiv@divisor+3,f
   804  0031  0BA0               	decfsz	??___lldiv,f
   805  0032  282C               	goto	u225
   806  0033  3001               	movlw	1
   807  0034  00A0               	movwf	??___lldiv
   808  0035  0820               	movf	??___lldiv,w
   809  0036  07A5               	addwf	___lldiv@counter,f
   810  0037                     l897:
   811  0037  1FF5               	btfss	___lldiv@divisor+3,7
   812  0038  283A               	goto	u231
   813  0039  283B               	goto	u230
   814  003A                     u231:
   815  003A  282A               	goto	l895
   816  003B                     u230:
   817  003B                     l899:
   818  003B  3001               	movlw	1
   819  003C  00A0               	movwf	??___lldiv
   820  003D                     u245:
   821  003D  1003               	clrc
   822  003E  0DA1               	rlf	___lldiv@quotient,f
   823  003F  0DA2               	rlf	___lldiv@quotient+1,f
   824  0040  0DA3               	rlf	___lldiv@quotient+2,f
   825  0041  0DA4               	rlf	___lldiv@quotient+3,f
   826  0042  0BA0               	decfsz	??___lldiv,f
   827  0043  283D               	goto	u245
   828  0044                     l901:
   829  0044  0875               	movf	___lldiv@divisor+3,w
   830  0045  0279               	subwf	___lldiv@dividend+3,w
   831  0046  1D03               	skipz
   832  0047  2852               	goto	u255
   833  0048  0874               	movf	___lldiv@divisor+2,w
   834  0049  0278               	subwf	___lldiv@dividend+2,w
   835  004A  1D03               	skipz
   836  004B  2852               	goto	u255
   837  004C  0873               	movf	___lldiv@divisor+1,w
   838  004D  0277               	subwf	___lldiv@dividend+1,w
   839  004E  1D03               	skipz
   840  004F  2852               	goto	u255
   841  0050  0872               	movf	___lldiv@divisor,w
   842  0051  0276               	subwf	___lldiv@dividend,w
   843  0052                     u255:
   844  0052  1C03               	skipc
   845  0053  2855               	goto	u251
   846  0054  2856               	goto	u250
   847  0055                     u251:
   848  0055  2865               	goto	l907
   849  0056                     u250:
   850  0056                     l903:
   851  0056  0872               	movf	___lldiv@divisor,w
   852  0057  02F6               	subwf	___lldiv@dividend,f
   853  0058  0873               	movf	___lldiv@divisor+1,w
   854  0059  1C03               	skipc
   855  005A  0F73               	incfsz	___lldiv@divisor+1,w
   856  005B  02F7               	subwf	___lldiv@dividend+1,f
   857  005C  0874               	movf	___lldiv@divisor+2,w
   858  005D  1C03               	skipc
   859  005E  0F74               	incfsz	___lldiv@divisor+2,w
   860  005F  02F8               	subwf	___lldiv@dividend+2,f
   861  0060  0875               	movf	___lldiv@divisor+3,w
   862  0061  1C03               	skipc
   863  0062  0F75               	incfsz	___lldiv@divisor+3,w
   864  0063  02F9               	subwf	___lldiv@dividend+3,f
   865  0064                     l905:
   866  0064  1421               	bsf	___lldiv@quotient,0
   867  0065                     l907:
   868  0065  3001               	movlw	1
   869  0066                     u265:
   870  0066  1003               	clrc
   871  0067  0CF5               	rrf	___lldiv@divisor+3,f
   872  0068  0CF4               	rrf	___lldiv@divisor+2,f
   873  0069  0CF3               	rrf	___lldiv@divisor+1,f
   874  006A  0CF2               	rrf	___lldiv@divisor,f
   875  006B  3EFF               	addlw	-1
   876  006C  1D03               	skipz
   877  006D  2866               	goto	u265
   878  006E                     l909:
   879  006E  3001               	movlw	1
   880  006F  02A5               	subwf	___lldiv@counter,f
   881  0070  1D03               	btfss	3,2
   882  0071  2873               	goto	u271
   883  0072  2874               	goto	u270
   884  0073                     u271:
   885  0073  283B               	goto	l899
   886  0074                     u270:
   887  0074                     l911:
   888  0074  0824               	movf	___lldiv@quotient+3,w
   889  0075  00F5               	movwf	?___lldiv+3
   890  0076  0823               	movf	___lldiv@quotient+2,w
   891  0077  00F4               	movwf	?___lldiv+2
   892  0078  0822               	movf	___lldiv@quotient+1,w
   893  0079  00F3               	movwf	?___lldiv+1
   894  007A  0821               	movf	___lldiv@quotient,w
   895  007B  00F2               	movwf	?___lldiv
   896  007C                     l237:
   897  007C  0008               	return
   898  007D                     __end_of___lldiv:
   899                           
   900                           	psect	text4
   901  0150                     __ptext4:	
   902 ;; *************** function _I2C_Master_Write *****************
   903 ;; Defined at:
   904 ;;		line 65 in file "../SLAVE_I2C.X/I2C.c"
   905 ;; Parameters:    Size  Location     Type
   906 ;;  d               2    2[COMMON] unsigned int 
   907 ;; Auto vars:     Size  Location     Type
   908 ;;		None
   909 ;; Return value:  Size  Location     Type
   910 ;;                  1    wreg      void 
   911 ;; Registers used:
   912 ;;		wreg, status,2, status,0, pclath, cstack
   913 ;; Tracked objects:
   914 ;;		On entry : 0/0
   915 ;;		On exit  : 0/0
   916 ;;		Unchanged: 0/0
   917 ;; Data sizes:     COMMON   BANK0   BANK1   BANK3   BANK2
   918 ;;      Params:         2       0       0       0       0
   919 ;;      Locals:         0       0       0       0       0
   920 ;;      Temps:          0       0       0       0       0
   921 ;;      Totals:         2       0       0       0       0
   922 ;;Total ram usage:        2 bytes
   923 ;; Hardware stack levels used:    1
   924 ;; Hardware stack levels required when called:    2
   925 ;; This function calls:
   926 ;;		_I2C_Master_Wait
   927 ;; This function is called by:
   928 ;;		_main
   929 ;; This function uses a non-reentrant model
   930 ;;
   931                           
   932                           
   933                           ;psect for function _I2C_Master_Write
   934  0150                     _I2C_Master_Write:
   935  0150                     l867:	
   936                           ;incstack = 0
   937                           ; Regs used in _I2C_Master_Write: [wreg+status,2+status,0+pclath+cstack]
   938                           
   939                           
   940                           ;../SLAVE_I2C.X/I2C.c: 65: void I2C_Master_Write(unsigned d);../SLAVE_I2C.X/I2C.c: 66: {
      +                          ;../SLAVE_I2C.X/I2C.c: 67:     I2C_Master_Wait();
   941  0150  120A  118A  2143  120A  118A  	fcall	_I2C_Master_Wait
   942  0155                     l869:
   943                           
   944                           ;../SLAVE_I2C.X/I2C.c: 68:     SSPBUF = d;
   945  0155  0872               	movf	I2C_Master_Write@d,w
   946  0156  1283               	bcf	3,5	;RP0=0, select bank0
   947  0157  1303               	bcf	3,6	;RP1=0, select bank0
   948  0158  0093               	movwf	19	;volatile
   949  0159                     l107:
   950  0159  0008               	return
   951  015A                     __end_of_I2C_Master_Write:
   952                           
   953                           	psect	text5
   954  015A                     __ptext5:	
   955 ;; *************** function _I2C_Master_Stop *****************
   956 ;; Defined at:
   957 ;;		line 55 in file "../SLAVE_I2C.X/I2C.c"
   958 ;; Parameters:    Size  Location     Type
   959 ;;		None
   960 ;; Auto vars:     Size  Location     Type
   961 ;;		None
   962 ;; Return value:  Size  Location     Type
   963 ;;                  1    wreg      void 
   964 ;; Registers used:
   965 ;;		wreg, status,2, status,0, pclath, cstack
   966 ;; Tracked objects:
   967 ;;		On entry : 0/0
   968 ;;		On exit  : 0/0
   969 ;;		Unchanged: 0/0
   970 ;; Data sizes:     COMMON   BANK0   BANK1   BANK3   BANK2
   971 ;;      Params:         0       0       0       0       0
   972 ;;      Locals:         0       0       0       0       0
   973 ;;      Temps:          0       0       0       0       0
   974 ;;      Totals:         0       0       0       0       0
   975 ;;Total ram usage:        0 bytes
   976 ;; Hardware stack levels used:    1
   977 ;; Hardware stack levels required when called:    2
   978 ;; This function calls:
   979 ;;		_I2C_Master_Wait
   980 ;; This function is called by:
   981 ;;		_main
   982 ;; This function uses a non-reentrant model
   983 ;;
   984                           
   985                           
   986                           ;psect for function _I2C_Master_Stop
   987  015A                     _I2C_Master_Stop:
   988  015A                     l787:	
   989                           ;incstack = 0
   990                           ; Regs used in _I2C_Master_Stop: [wreg+status,2+status,0+pclath+cstack]
   991                           
   992                           
   993                           ;../SLAVE_I2C.X/I2C.c: 57:     I2C_Master_Wait();
   994  015A  120A  118A  2143  120A  118A  	fcall	_I2C_Master_Wait
   995  015F                     l789:
   996                           
   997                           ;../SLAVE_I2C.X/I2C.c: 58:     SSPCON2bits.PEN = 1;
   998  015F  1683               	bsf	3,5	;RP0=1, select bank1
   999  0160  1303               	bcf	3,6	;RP1=0, select bank1
  1000  0161  1511               	bsf	17,2	;volatile
  1001  0162                     l104:
  1002  0162  0008               	return
  1003  0163                     __end_of_I2C_Master_Stop:
  1004                           
  1005                           	psect	text6
  1006  0163                     __ptext6:	
  1007 ;; *************** function _I2C_Master_Start *****************
  1008 ;; Defined at:
  1009 ;;		line 39 in file "../SLAVE_I2C.X/I2C.c"
  1010 ;; Parameters:    Size  Location     Type
  1011 ;;		None
  1012 ;; Auto vars:     Size  Location     Type
  1013 ;;		None
  1014 ;; Return value:  Size  Location     Type
  1015 ;;                  1    wreg      void 
  1016 ;; Registers used:
  1017 ;;		wreg, status,2, status,0, pclath, cstack
  1018 ;; Tracked objects:
  1019 ;;		On entry : 0/0
  1020 ;;		On exit  : 0/0
  1021 ;;		Unchanged: 0/0
  1022 ;; Data sizes:     COMMON   BANK0   BANK1   BANK3   BANK2
  1023 ;;      Params:         0       0       0       0       0
  1024 ;;      Locals:         0       0       0       0       0
  1025 ;;      Temps:          0       0       0       0       0
  1026 ;;      Totals:         0       0       0       0       0
  1027 ;;Total ram usage:        0 bytes
  1028 ;; Hardware stack levels used:    1
  1029 ;; Hardware stack levels required when called:    2
  1030 ;; This function calls:
  1031 ;;		_I2C_Master_Wait
  1032 ;; This function is called by:
  1033 ;;		_main
  1034 ;; This function uses a non-reentrant model
  1035 ;;
  1036                           
  1037                           
  1038                           ;psect for function _I2C_Master_Start
  1039  0163                     _I2C_Master_Start:
  1040  0163                     l763:	
  1041                           ;incstack = 0
  1042                           ; Regs used in _I2C_Master_Start: [wreg+status,2+status,0+pclath+cstack]
  1043                           
  1044                           
  1045                           ;../SLAVE_I2C.X/I2C.c: 41:     I2C_Master_Wait();
  1046  0163  120A  118A  2143  120A  118A  	fcall	_I2C_Master_Wait
  1047  0168                     l765:
  1048                           
  1049                           ;../SLAVE_I2C.X/I2C.c: 42:     SSPCON2bits.SEN = 1;
  1050  0168  1683               	bsf	3,5	;RP0=1, select bank1
  1051  0169  1303               	bcf	3,6	;RP1=0, select bank1
  1052  016A  1411               	bsf	17,0	;volatile
  1053  016B                     l98:
  1054  016B  0008               	return
  1055  016C                     __end_of_I2C_Master_Start:
  1056                           
  1057                           	psect	text7
  1058  00EC                     __ptext7:	
  1059 ;; *************** function _I2C_Master_Read *****************
  1060 ;; Defined at:
  1061 ;;		line 74 in file "../SLAVE_I2C.X/I2C.c"
  1062 ;; Parameters:    Size  Location     Type
  1063 ;;  a               2    2[COMMON] unsigned short 
  1064 ;; Auto vars:     Size  Location     Type
  1065 ;;  temp            2    6[COMMON] unsigned short 
  1066 ;; Return value:  Size  Location     Type
  1067 ;;                  2    2[COMMON] unsigned short 
  1068 ;; Registers used:
  1069 ;;		wreg, status,2, status,0, pclath, cstack
  1070 ;; Tracked objects:
  1071 ;;		On entry : 0/0
  1072 ;;		On exit  : 0/0
  1073 ;;		Unchanged: 0/0
  1074 ;; Data sizes:     COMMON   BANK0   BANK1   BANK3   BANK2
  1075 ;;      Params:         2       0       0       0       0
  1076 ;;      Locals:         2       0       0       0       0
  1077 ;;      Temps:          2       0       0       0       0
  1078 ;;      Totals:         6       0       0       0       0
  1079 ;;Total ram usage:        6 bytes
  1080 ;; Hardware stack levels used:    1
  1081 ;; Hardware stack levels required when called:    2
  1082 ;; This function calls:
  1083 ;;		_I2C_Master_Wait
  1084 ;; This function is called by:
  1085 ;;		_main
  1086 ;; This function uses a non-reentrant model
  1087 ;;
  1088                           
  1089                           
  1090                           ;psect for function _I2C_Master_Read
  1091  00EC                     _I2C_Master_Read:
  1092  00EC                     l871:	
  1093                           ;incstack = 0
  1094                           ; Regs used in _I2C_Master_Read: [wreg+status,2+status,0+pclath+cstack]
  1095                           
  1096                           
  1097                           ;../SLAVE_I2C.X/I2C.c: 74: unsigned short I2C_Master_Read(unsigned short a);../SLAVE_I2C
      +                          .X/I2C.c: 75: {;../SLAVE_I2C.X/I2C.c: 76:     unsigned short temp;;../SLAVE_I2C.X/I2C.c:
      +                           77:     I2C_Master_Wait();
  1098  00EC  120A  118A  2143  120A  118A  	fcall	_I2C_Master_Wait
  1099  00F1                     l873:
  1100                           
  1101                           ;../SLAVE_I2C.X/I2C.c: 78:     SSPCON2bits.RCEN = 1;
  1102  00F1  1683               	bsf	3,5	;RP0=1, select bank1
  1103  00F2  1303               	bcf	3,6	;RP1=0, select bank1
  1104  00F3  1591               	bsf	17,3	;volatile
  1105                           
  1106                           ;../SLAVE_I2C.X/I2C.c: 79:     I2C_Master_Wait();
  1107  00F4  120A  118A  2143  120A  118A  	fcall	_I2C_Master_Wait
  1108  00F9                     l875:
  1109                           
  1110                           ;../SLAVE_I2C.X/I2C.c: 80:     temp = SSPBUF;
  1111  00F9  1283               	bcf	3,5	;RP0=0, select bank0
  1112  00FA  1303               	bcf	3,6	;RP1=0, select bank0
  1113  00FB  0813               	movf	19,w	;volatile
  1114  00FC  00F4               	movwf	??_I2C_Master_Read
  1115  00FD  01F5               	clrf	??_I2C_Master_Read+1
  1116  00FE  0874               	movf	??_I2C_Master_Read,w
  1117  00FF  00F6               	movwf	I2C_Master_Read@temp
  1118  0100  0875               	movf	??_I2C_Master_Read+1,w
  1119  0101  00F7               	movwf	I2C_Master_Read@temp+1
  1120  0102                     l877:
  1121                           
  1122                           ;../SLAVE_I2C.X/I2C.c: 81:     I2C_Master_Wait();
  1123  0102  120A  118A  2143  120A  118A  	fcall	_I2C_Master_Wait
  1124  0107                     l879:
  1125                           
  1126                           ;../SLAVE_I2C.X/I2C.c: 82:     if(a == 1){
  1127  0107  0372               	decf	I2C_Master_Read@a,w
  1128  0108  0473               	iorwf	I2C_Master_Read@a+1,w
  1129  0109  1D03               	btfss	3,2
  1130  010A  290C               	goto	u201
  1131  010B  290D               	goto	u200
  1132  010C                     u201:
  1133  010C  2911               	goto	l110
  1134  010D                     u200:
  1135  010D                     l881:
  1136                           
  1137                           ;../SLAVE_I2C.X/I2C.c: 83:         SSPCON2bits.ACKDT = 0;
  1138  010D  1683               	bsf	3,5	;RP0=1, select bank1
  1139  010E  1303               	bcf	3,6	;RP1=0, select bank1
  1140  010F  1291               	bcf	17,5	;volatile
  1141                           
  1142                           ;../SLAVE_I2C.X/I2C.c: 84:     }else{
  1143  0110  2914               	goto	l111
  1144  0111                     l110:
  1145                           
  1146                           ;../SLAVE_I2C.X/I2C.c: 85:         SSPCON2bits.ACKDT = 1;
  1147  0111  1683               	bsf	3,5	;RP0=1, select bank1
  1148  0112  1303               	bcf	3,6	;RP1=0, select bank1
  1149  0113  1691               	bsf	17,5	;volatile
  1150  0114                     l111:	
  1151                           ;../SLAVE_I2C.X/I2C.c: 86:     }
  1152                           
  1153                           
  1154                           ;../SLAVE_I2C.X/I2C.c: 87:     SSPCON2bits.ACKEN = 1;
  1155  0114  1611               	bsf	17,4	;volatile
  1156  0115                     l883:
  1157                           
  1158                           ;../SLAVE_I2C.X/I2C.c: 88:     return temp;
  1159  0115  0877               	movf	I2C_Master_Read@temp+1,w
  1160  0116  00F3               	movwf	?_I2C_Master_Read+1
  1161  0117  0876               	movf	I2C_Master_Read@temp,w
  1162  0118  00F2               	movwf	?_I2C_Master_Read
  1163  0119                     l112:
  1164  0119  0008               	return
  1165  011A                     __end_of_I2C_Master_Read:
  1166                           
  1167                           	psect	text8
  1168  0143                     __ptext8:	
  1169 ;; *************** function _I2C_Master_Wait *****************
  1170 ;; Defined at:
  1171 ;;		line 32 in file "../SLAVE_I2C.X/I2C.c"
  1172 ;; Parameters:    Size  Location     Type
  1173 ;;		None
  1174 ;; Auto vars:     Size  Location     Type
  1175 ;;		None
  1176 ;; Return value:  Size  Location     Type
  1177 ;;                  1    wreg      void 
  1178 ;; Registers used:
  1179 ;;		wreg, status,2
  1180 ;; Tracked objects:
  1181 ;;		On entry : 0/0
  1182 ;;		On exit  : 0/0
  1183 ;;		Unchanged: 0/0
  1184 ;; Data sizes:     COMMON   BANK0   BANK1   BANK3   BANK2
  1185 ;;      Params:         0       0       0       0       0
  1186 ;;      Locals:         0       0       0       0       0
  1187 ;;      Temps:          0       0       0       0       0
  1188 ;;      Totals:         0       0       0       0       0
  1189 ;;Total ram usage:        0 bytes
  1190 ;; Hardware stack levels used:    1
  1191 ;; Hardware stack levels required when called:    1
  1192 ;; This function calls:
  1193 ;;		Nothing
  1194 ;; This function is called by:
  1195 ;;		_I2C_Master_Start
  1196 ;;		_I2C_Master_Stop
  1197 ;;		_I2C_Master_Write
  1198 ;;		_I2C_Master_Read
  1199 ;;		_I2C_Master_RepeatedStart
  1200 ;; This function uses a non-reentrant model
  1201 ;;
  1202                           
  1203                           
  1204                           ;psect for function _I2C_Master_Wait
  1205  0143                     _I2C_Master_Wait:
  1206  0143                     l743:	
  1207                           ;incstack = 0
  1208                           ; Regs used in _I2C_Master_Wait: [wreg+status,2]
  1209                           
  1210  0143                     l92:	
  1211                           ;../SLAVE_I2C.X/I2C.c: 34:     while ((SSPSTAT & 0x04) || (SSPCON2 & 0x1F));
  1212                           
  1213  0143  1683               	bsf	3,5	;RP0=1, select bank1
  1214  0144  1303               	bcf	3,6	;RP1=0, select bank1
  1215  0145  1914               	btfsc	20,2	;volatile
  1216  0146  2948               	goto	u91
  1217  0147  2949               	goto	u90
  1218  0148                     u91:
  1219  0148  2943               	goto	l92
  1220  0149                     u90:
  1221  0149                     l745:
  1222  0149  0811               	movf	17,w	;volatile
  1223  014A  391F               	andlw	31
  1224  014B  1D03               	btfss	3,2
  1225  014C  294E               	goto	u101
  1226  014D  294F               	goto	u100
  1227  014E                     u101:
  1228  014E  2943               	goto	l92
  1229  014F                     u100:
  1230  014F                     l95:
  1231  014F  0008               	return
  1232  0150                     __end_of_I2C_Master_Wait:
  1233                           
  1234                           	psect	text9
  1235  016C                     __ptext9:	
  1236 ;; *************** function _isr *****************
  1237 ;; Defined at:
  1238 ;;		line 42 in file "main.c"
  1239 ;; Parameters:    Size  Location     Type
  1240 ;;		None
  1241 ;; Auto vars:     Size  Location     Type
  1242 ;;		None
  1243 ;; Return value:  Size  Location     Type
  1244 ;;                  1    wreg      void 
  1245 ;; Registers used:
  1246 ;;		None
  1247 ;; Tracked objects:
  1248 ;;		On entry : 0/0
  1249 ;;		On exit  : 0/0
  1250 ;;		Unchanged: 0/0
  1251 ;; Data sizes:     COMMON   BANK0   BANK1   BANK3   BANK2
  1252 ;;      Params:         0       0       0       0       0
  1253 ;;      Locals:         0       0       0       0       0
  1254 ;;      Temps:          2       0       0       0       0
  1255 ;;      Totals:         2       0       0       0       0
  1256 ;;Total ram usage:        2 bytes
  1257 ;; Hardware stack levels used:    1
  1258 ;; This function calls:
  1259 ;;		Nothing
  1260 ;; This function is called by:
  1261 ;;		Interrupt level 1
  1262 ;; This function uses a non-reentrant model
  1263 ;;
  1264                           
  1265                           
  1266                           ;psect for function _isr
  1267  016C                     _isr:
  1268  016C                     i1l791:
  1269                           
  1270                           ;main.c: 43: 
  1271  016C  138B               	bcf	11,7	;volatile
  1272                           
  1273                           ;main.c: 45:     OSCCONbits.IRCF2 = 1;
  1274  016D  178B               	bsf	11,7	;volatile
  1275  016E                     i1l49:
  1276  016E  0871               	movf	??_isr+1,w
  1277  016F  008A               	movwf	10
  1278  0170  0E70               	swapf	??_isr,w
  1279  0171  0083               	movwf	3
  1280  0172  0EFE               	swapf	btemp,f
  1281  0173  0E7E               	swapf	btemp,w
  1282  0174  0009               	retfie
  1283  0175                     __end_of_isr:
  1284  007E                     btemp	set	126	;btemp
  1285  007E                     wtemp0	set	126
  1286                           
  1287                           	psect	intentry
  1288  0004                     __pintentry:	
  1289                           ;incstack = 0
  1290                           ; Regs used in _isr: []
  1291                           
  1292  0004                     interrupt_function:
  1293  007E                     saved_w	set	btemp
  1294  0004  00FE               	movwf	btemp
  1295  0005  0E03               	swapf	3,w
  1296  0006  00F0               	movwf	??_isr
  1297  0007  080A               	movf	10,w
  1298  0008  00F1               	movwf	??_isr+1
  1299  0009  120A  118A  296C   	ljmp	_isr
  1300                           
  1301                           	psect	config
  1302                           
  1303                           ;Config register CONFIG1 @ 0x2007
  1304                           ;	Oscillator Selection bits
  1305                           ;	FOSC = INTRC_CLKOUT, INTOSC oscillator: CLKOUT function on RA6/OSC2/CLKOUT pin, I/O fu
      +                          nction on RA7/OSC1/CLKIN
  1306                           ;	Watchdog Timer Enable bit
  1307                           ;	WDTE = OFF, WDT disabled and can be enabled by SWDTEN bit of the WDTCON register
  1308                           ;	Power-up Timer Enable bit
  1309                           ;	PWRTE = OFF, PWRT disabled
  1310                           ;	RE3/MCLR pin function select bit
  1311                           ;	MCLRE = OFF, RE3/MCLR pin function is digital input, MCLR internally tied to VDD
  1312                           ;	Code Protection bit
  1313                           ;	CP = OFF, Program memory code protection is disabled
  1314                           ;	Data Code Protection bit
  1315                           ;	CPD = OFF, Data memory code protection is disabled
  1316                           ;	Brown Out Reset Selection bits
  1317                           ;	BOREN = OFF, BOR disabled
  1318                           ;	Internal External Switchover bit
  1319                           ;	IESO = OFF, Internal/External Switchover mode is disabled
  1320                           ;	Fail-Safe Clock Monitor Enabled bit
  1321                           ;	FCMEN = OFF, Fail-Safe Clock Monitor is disabled
  1322                           ;	Low Voltage Programming Enable bit
  1323                           ;	LVP = OFF, RB3 pin has digital I/O, HV on MCLR must be used for programming
  1324                           ;	In-Circuit Debugger Mode bit
  1325                           ;	DEBUG = 0x1, unprogrammed default
  1326  2007                     	org	8199
  1327  2007  20D5               	dw	8405
  1328                           
  1329                           ;Config register CONFIG2 @ 0x2008
  1330                           ;	Brown-out Reset Selection bit
  1331                           ;	BOR4V = BOR40V, Brown-out Reset set to 4.0V
  1332                           ;	Flash Program Memory Self Write Enable bits
  1333                           ;	WRT = OFF, Write protection off
  1334  2008                     	org	8200
  1335  2008  3FFF               	dw	16383

Data Sizes:
    Strings     0
    Constant    0
    Data        0
    BSS         2
    Persistent  0
    Stack       0

Auto Spaces:
    Space          Size  Autos    Used
    COMMON           14     10      12
    BANK0            80     17      17
    BANK1            80      0       0
    BANK3            96      0       0
    BANK2            96      0       0

Pointer List with Targets:

    None.

Critical Paths under _main in COMMON

    _I2C_Master_Init->___lldiv

Critical Paths under _isr in COMMON

    None.

Critical Paths under _main in BANK0

    _setup->_I2C_Master_Init
    _I2C_Master_Init->___lldiv

Critical Paths under _isr in BANK0

    None.

Critical Paths under _main in BANK1

    None.

Critical Paths under _isr in BANK1

    None.

Critical Paths under _main in BANK3

    None.

Critical Paths under _isr in BANK3

    None.

Critical Paths under _main in BANK2

    None.

Critical Paths under _isr in BANK2

    None.

Call Graph Tables:

 ---------------------------------------------------------------------------------
 (Depth) Function   	        Calls       Base Space   Used Autos Params    Refs
 ---------------------------------------------------------------------------------
 (0) _main                                                 3     3      0     761
                                             14 BANK0      3     3      0
                    _I2C_Master_Read
                   _I2C_Master_Start
                    _I2C_Master_Stop
                   _I2C_Master_Write
                              _setup
 ---------------------------------------------------------------------------------
 (1) _setup                                                0     0      0     542
                    _I2C_Master_Init
 ---------------------------------------------------------------------------------
 (2) _I2C_Master_Init                                      8     4      4     542
                                              6 BANK0      8     4      4
                            ___lldiv
 ---------------------------------------------------------------------------------
 (3) ___lldiv                                             14     6      8     421
                                              2 COMMON     8     0      8
                                              0 BANK0      6     6      0
 ---------------------------------------------------------------------------------
 (1) _I2C_Master_Write                                     2     0      2      98
                                              2 COMMON     2     0      2
                    _I2C_Master_Wait
 ---------------------------------------------------------------------------------
 (1) _I2C_Master_Stop                                      0     0      0       0
                    _I2C_Master_Wait
 ---------------------------------------------------------------------------------
 (1) _I2C_Master_Start                                     0     0      0       0
                    _I2C_Master_Wait
 ---------------------------------------------------------------------------------
 (1) _I2C_Master_Read                                      6     4      2     121
                                              2 COMMON     6     4      2
                    _I2C_Master_Wait
 ---------------------------------------------------------------------------------
 (2) _I2C_Master_Wait                                      0     0      0       0
 ---------------------------------------------------------------------------------
 Estimated maximum stack depth 3
 ---------------------------------------------------------------------------------
 (Depth) Function   	        Calls       Base Space   Used Autos Params    Refs
 ---------------------------------------------------------------------------------
 (4) _isr                                                  2     2      0       0
                                              0 COMMON     2     2      0
 ---------------------------------------------------------------------------------
 Estimated maximum stack depth 4
 ---------------------------------------------------------------------------------

 Call Graph Graphs:

 _main (ROOT)
   _I2C_Master_Read
     _I2C_Master_Wait
   _I2C_Master_Start
     _I2C_Master_Wait
   _I2C_Master_Stop
     _I2C_Master_Wait
   _I2C_Master_Write
     _I2C_Master_Wait
   _setup
     _I2C_Master_Init
       ___lldiv

 _isr (ROOT)

 Address spaces:
Name               Size   Autos  Total    Cost      Usage
BITCOMMON            E      0       0       0        0.0%
EEDATA             100      0       0       0        0.0%
NULL                 0      0       0       0        0.0%
CODE                 0      0       0       0        0.0%
COMMON               E      A       C       1       85.7%
BITSFR0              0      0       0       1        0.0%
SFR0                 0      0       0       1        0.0%
BITSFR1              0      0       0       2        0.0%
SFR1                 0      0       0       2        0.0%
STACK                0      0       0       2        0.0%
ABS                  0      0      1D       3        0.0%
BITBANK0            50      0       0       4        0.0%
BITSFR3              0      0       0       4        0.0%
SFR3                 0      0       0       4        0.0%
BANK0               50     11      11       5       21.2%
BITSFR2              0      0       0       5        0.0%
SFR2                 0      0       0       5        0.0%
BITBANK1            50      0       0       6        0.0%
BANK1               50      0       0       7        0.0%
BITBANK3            60      0       0       8        0.0%
BANK3               60      0       0       9        0.0%
BITBANK2            60      0       0      10        0.0%
BANK2               60      0       0      11        0.0%
DATA                 0      0      1D      12        0.0%


Microchip Technology PIC Macro Assembler V2.31 build 20201012212115 
Symbol Table                                                                                   Wed Aug 04 23:48:06 2021

                        _z 007A                         l60 0142                         l54 00BA  
                       l92 0143                         l95 014F                         l89 00B4  
                       l98 016B                         u90 0149                         u91 0148  
                      l110 0111                        l111 0114                        l112 0119  
                      l104 0162                        l107 0159                        l237 007C  
                      l901 0044                        l743 0143                        l903 0056  
                      l911 0074                        l745 0149                        l905 0064  
                      l921 00B1                        l763 0163                        l907 0065  
                      l923 00B2                        l915 007D                        l931 012E  
                      l765 0168                        l909 006E                        l925 00B3  
                      l917 0081                        l941 0133                        l933 012F  
                      l871 00EC                        l919 0084                        l935 0130  
                      l927 011A                        l943 00B5                        l881 010D  
                      l873 00F1                        l937 0131                        l929 012B  
                      l945 00D9                        l883 0115                        l875 00F9  
                      l787 015A                        l867 0150                        l891 0015  
                      l939 0132                        l877 0102                        l789 015F  
                      l869 0155                        l893 0027                        l879 0107  
                      l895 002A                        l897 0037                        l899 003B  
                      _GIE 005F                        u100 014F                        u101 014E  
                      u200 010D                        u201 010C                        u210 0027  
                      u211 0026                        u230 003B                        u231 003A  
                      u225 002C                        u250 0056                        u251 0055  
                      u245 003D                        u270 0074                        u271 0073  
                      u255 0052                        u280 0094                        u265 0066  
                      u285 008F                        u297 00E1                        _isr 016C  
                     ?_isr 0070                       _PEIE 005E                       i1l49 016E  
                     _main 00B5                       btemp 007E                       start 000C  
                    ??_isr 0070           ?_I2C_Master_Init 0026           ?_I2C_Master_Read 0072  
         ?_I2C_Master_Wait 0070           ?_I2C_Master_Stop 0070                      ?_main 0070  
                    _ANSEL 0188            __end_of___lldiv 007D                      i1l791 016C  
                    _PORTA 0005                      _PORTB 0006                      _PORTC 0007  
                    _PORTD 0008                      _PORTE 0009                      _TRISA 0085  
                    _TRISB 0086                      _TRISD 0088                      _SSPIE 0463  
                    _TRISE 0089                      _SSPIF 0063                      _setup 011A  
                    pclath 000A                      status 0003                      wtemp0 007E  
          __initialization 000F               __end_of_main 00EC                     ??_main 002E  
        ?_I2C_Master_Start 0070          ?_I2C_Master_Write 0072         ??_I2C_Master_Start 0072  
       ??_I2C_Master_Write 0074                     ?_setup 0070                     _ANSELH 0189  
                   _SSPADD 0093                     _TRISC3 043B                     _TRISC4 043C  
                   _SSPCON 0014                     _SSPBUF 0013                  ??___lldiv 0020  
                   saved_w 007E    __end_of__initialization 0011             __pcstackCOMMON 0070  
            __end_of_setup 0143                    ??_setup 007A                 __pmaintext 00B5  
               __pintentry 0004                    _SSPCON2 0091                    _SSPSTAT 0094  
                  ___lldiv 0015                    __ptext1 011A                    __ptext2 007D  
                  __ptext3 0015                    __ptext4 0150                    __ptext5 015A  
                  __ptext6 0163                    __ptext7 00EC                    __ptext8 0143  
                  __ptext9 016C               __size_of_isr 0009   __size_of_I2C_Master_Init 0038  
 __size_of_I2C_Master_Read 002E   __size_of_I2C_Master_Wait 000D   __size_of_I2C_Master_Stop 0009  
     end_of_initialization 0011  __size_of_I2C_Master_Start 0009  __size_of_I2C_Master_Write 000A  
          ___lldiv@divisor 0072            ___lldiv@counter 0025           I2C_Master_Init@c 0026  
         I2C_Master_Read@a 0072                  _VALOR_ADC 007B                  _TRISCbits 0087  
      start_initialization 000F                __end_of_isr 0175          ??_I2C_Master_Init 002A  
        ??_I2C_Master_Read 0074          ??_I2C_Master_Wait 0072          ??_I2C_Master_Stop 0072  
              __pbssCOMMON 007A                  ___latbits 0002              __pcstackBANK0 0020  
         _I2C_Master_Start 0163           _I2C_Master_Write 0150                   ?___lldiv 0072  
           __size_of_setup 0029          interrupt_function 0004        I2C_Master_Read@temp 0076  
         __size_of___lldiv 0068            _I2C_Master_Init 007D            _I2C_Master_Read 00EC  
          _I2C_Master_Wait 0143            _I2C_Master_Stop 015A              __size_of_main 0037  
 __end_of_I2C_Master_Start 016C   __end_of_I2C_Master_Write 015A                 _INTCONbits 000B  
                 intlevel1 0000           ___lldiv@dividend 0076                 _OSCCONbits 008F  
  __end_of_I2C_Master_Init 00B5    __end_of_I2C_Master_Read 011A    __end_of_I2C_Master_Wait 0150  
  __end_of_I2C_Master_Stop 0163           ___lldiv@quotient 0021          I2C_Master_Write@d 0072  
              _SSPCON2bits 0091  
